TN:
SF:generated\db1\index.js
FN:181,(anonymous_0)
FNF:1
FNH:0
FNDA:0,(anonymous_0)
DA:2,2
DA:25,2
DA:28,2
DA:30,2
DA:31,2
DA:37,2
DA:42,2
DA:43,2
DA:44,2
DA:45,2
DA:46,2
DA:47,2
DA:52,2
DA:53,2
DA:54,2
DA:55,2
DA:56,2
DA:61,2
DA:62,2
DA:67,2
DA:68,2
DA:69,2
DA:71,2
DA:80,2
DA:85,2
DA:93,2
DA:105,2
DA:110,2
DA:116,2
DA:122,2
DA:172,2
DA:174,2
DA:175,2
DA:176,0
DA:181,0
DA:182,0
DA:185,0
DA:186,0
DA:189,2
DA:190,2
DA:191,2
DA:194,2
DA:196,2
DA:201,2
DA:202,2
DA:203,2
DA:206,2
DA:207,2
DA:209,2
DA:210,2
LF:50
LH:45
BRDA:175,0,0,0
BRDA:175,0,1,2
BRDA:181,1,0,0
BRDA:181,1,1,0
BRDA:197,2,0,2
BRDA:197,2,1,0
BRDA:198,3,0,2
BRDA:198,3,1,2
BRF:8
BRH:4
end_of_record
TN:
SF:generated\db1\runtime\library.js
FN:1,(anonymous_0)
FN:1,(anonymous_1)
FN:1,(anonymous_2)
FN:1,(anonymous_3)
FN:1,(anonymous_4)
FN:1,(anonymous_5)
FN:1,(anonymous_6)
FN:1,(anonymous_7)
FN:1,(anonymous_8)
FN:1,(anonymous_9)
FN:1,(anonymous_10)
FN:1,(anonymous_11)
FN:1,(anonymous_12)
FN:1,(anonymous_13)
FN:1,(anonymous_14)
FN:1,(anonymous_15)
FN:1,(anonymous_16)
FN:1,(anonymous_17)
FN:1,(anonymous_18)
FN:1,(anonymous_19)
FN:1,(anonymous_20)
FN:1,(anonymous_21)
FN:1,ni
FN:1,ii
FN:1,(anonymous_24)
FN:1,Hu
FN:1,(anonymous_26)
FN:1,Ko
FN:1,(anonymous_28)
FN:1,oi
FN:1,(anonymous_30)
FN:1,(anonymous_31)
FN:1,(anonymous_32)
FN:1,(anonymous_33)
FN:1,(anonymous_34)
FN:1,(anonymous_35)
FN:1,(anonymous_36)
FN:1,(anonymous_37)
FN:1,ic
FN:3,oc
FN:3,sc
FN:3,ac
FN:3,Wr
FN:3,os
FN:3,lc
FN:3,ss
FN:3,is
FN:3,uc
FN:3,cc
FN:3,pc
FN:3,dc
FN:3,mc
FN:3,(anonymous_52)
FN:3,(anonymous_53)
FN:3,(anonymous_54)
FN:3,(anonymous_55)
FN:3,(anonymous_56)
FN:3,(anonymous_57)
FN:3,(anonymous_58)
FN:3,(anonymous_59)
FN:3,(anonymous_60)
FN:3,(anonymous_61)
FN:3,(anonymous_62)
FN:3,(anonymous_63)
FN:3,(anonymous_64)
FN:3,(anonymous_65)
FN:3,(anonymous_66)
FN:3,e
FN:3,(anonymous_68)
FN:3,(anonymous_69)
FN:3,(anonymous_70)
FN:3,(anonymous_71)
FN:3,(anonymous_72)
FN:3,(anonymous_73)
FN:3,(anonymous_74)
FN:3,(anonymous_75)
FN:3,(anonymous_76)
FN:3,(anonymous_77)
FN:3,(anonymous_78)
FN:3,(anonymous_79)
FN:3,(anonymous_80)
FN:3,(anonymous_81)
FN:3,(anonymous_82)
FN:3,(anonymous_83)
FN:3,(anonymous_84)
FN:3,(anonymous_85)
FN:3,(anonymous_86)
FN:3,(anonymous_87)
FN:3,(anonymous_88)
FN:3,(anonymous_89)
FN:3,(anonymous_90)
FN:3,(anonymous_91)
FN:3,(anonymous_92)
FN:3,(anonymous_93)
FN:3,(anonymous_94)
FN:3,(anonymous_95)
FN:3,(anonymous_96)
FN:3,(anonymous_97)
FN:3,(anonymous_98)
FN:3,xo
FN:3,(anonymous_100)
FN:3,vo
FN:3,(anonymous_102)
FN:3,Po
FN:3,(anonymous_104)
FN:3,(anonymous_105)
FN:3,(anonymous_106)
FN:3,(anonymous_107)
FN:3,(anonymous_108)
FN:3,(anonymous_109)
FN:3,(anonymous_110)
FN:3,(anonymous_111)
FN:3,(anonymous_112)
FN:3,(anonymous_113)
FN:3,(anonymous_114)
FN:3,(anonymous_115)
FN:3,(anonymous_116)
FN:3,(anonymous_117)
FN:3,(anonymous_118)
FN:3,(anonymous_119)
FN:3,(anonymous_120)
FN:3,(anonymous_121)
FN:3,(anonymous_122)
FN:3,(anonymous_123)
FN:3,(anonymous_124)
FN:3,(anonymous_125)
FN:3,(anonymous_126)
FN:3,(anonymous_127)
FN:3,(anonymous_128)
FN:3,(anonymous_129)
FN:3,(anonymous_130)
FN:3,(anonymous_131)
FN:3,$
FN:3,(anonymous_133)
FN:3,(anonymous_134)
FN:3,(anonymous_135)
FN:3,(anonymous_136)
FN:3,(anonymous_137)
FN:3,(anonymous_138)
FN:3,(anonymous_139)
FN:3,(anonymous_140)
FN:3,Su
FN:3,(anonymous_142)
FN:3,(anonymous_143)
FN:3,(anonymous_144)
FN:3,(anonymous_145)
FN:3,(anonymous_146)
FN:3,(anonymous_147)
FN:3,(anonymous_148)
FN:3,Au
FN:3,(anonymous_150)
FN:3,ko
FN:3,(anonymous_152)
FN:3,(anonymous_153)
FN:4,Do
FN:4,Hn
FN:4,qr
FN:4,(anonymous_157)
FN:4,(anonymous_158)
FN:4,(anonymous_159)
FN:4,(anonymous_160)
FN:4,(anonymous_161)
FN:4,(anonymous_162)
FN:4,(anonymous_163)
FN:4,(anonymous_164)
FN:4,(anonymous_165)
FN:4,(anonymous_166)
FN:4,(anonymous_167)
FN:4,me
FN:4,(anonymous_169)
FN:4,(anonymous_170)
FN:4,(anonymous_171)
FN:4,(anonymous_172)
FN:4,Ou
FN:4,(anonymous_174)
FN:4,(anonymous_175)
FN:4,(anonymous_176)
FN:4,(anonymous_177)
FN:4,(anonymous_178)
FN:4,j
FN:4,(anonymous_180)
FN:4,(anonymous_181)
FN:4,(anonymous_182)
FN:4,(anonymous_183)
FN:4,(anonymous_184)
FN:4,ku
FN:4,(anonymous_186)
FN:4,(anonymous_187)
FN:4,(anonymous_188)
FN:4,(anonymous_189)
FN:4,(anonymous_190)
FN:4,(anonymous_191)
FN:4,I
FN:4,(anonymous_193)
FN:4,(anonymous_194)
FN:4,No
FN:4,(anonymous_196)
FN:4,(anonymous_197)
FN:4,(anonymous_198)
FN:4,(anonymous_199)
FN:4,Ee
FN:4,je
FN:4,Be
FN:4,(anonymous_203)
FN:4,(anonymous_204)
FN:4,(anonymous_205)
FN:4,(anonymous_206)
FN:4,(anonymous_207)
FN:4,(anonymous_208)
FN:4,(anonymous_209)
FN:4,(anonymous_210)
FN:4,(anonymous_211)
FN:4,(anonymous_212)
FN:4,(anonymous_213)
FN:4,(anonymous_214)
FN:4,(anonymous_215)
FN:4,(anonymous_216)
FN:4,(anonymous_217)
FN:4,(anonymous_218)
FN:4,(anonymous_219)
FN:4,(anonymous_220)
FN:4,(anonymous_221)
FN:4,(anonymous_222)
FN:4,(anonymous_223)
FN:4,(anonymous_224)
FN:4,(anonymous_225)
FN:4,(anonymous_226)
FN:4,(anonymous_227)
FN:4,(anonymous_228)
FN:4,(anonymous_229)
FN:4,(anonymous_230)
FN:4,(anonymous_231)
FN:4,(anonymous_232)
FN:4,(anonymous_233)
FN:4,(anonymous_234)
FN:4,(anonymous_235)
FN:4,(anonymous_236)
FN:4,(anonymous_237)
FN:4,(anonymous_238)
FN:4,(anonymous_239)
FN:4,(anonymous_240)
FN:4,(anonymous_241)
FN:4,(anonymous_242)
FN:4,(anonymous_243)
FN:4,(anonymous_244)
FN:4,(anonymous_245)
FN:4,(anonymous_246)
FN:4,(anonymous_247)
FN:4,(anonymous_248)
FN:4,(anonymous_249)
FN:4,(anonymous_250)
FN:4,(anonymous_251)
FN:4,(anonymous_252)
FN:4,(anonymous_253)
FN:4,(anonymous_254)
FN:4,(anonymous_255)
FN:4,(anonymous_256)
FN:4,(anonymous_257)
FN:4,(anonymous_258)
FN:4,(anonymous_259)
FN:4,(anonymous_260)
FN:4,(anonymous_261)
FN:4,(anonymous_262)
FN:4,(anonymous_263)
FN:4,(anonymous_264)
FN:4,(anonymous_265)
FN:4,(anonymous_266)
FN:4,(anonymous_267)
FN:4,(anonymous_268)
FN:4,(anonymous_269)
FN:4,(anonymous_270)
FN:4,dt
FN:4,(anonymous_272)
FN:4,(anonymous_273)
FN:4,(anonymous_274)
FN:4,(anonymous_275)
FN:4,(anonymous_276)
FN:4,(anonymous_277)
FN:4,(anonymous_278)
FN:4,(anonymous_279)
FN:4,(anonymous_280)
FN:4,(anonymous_281)
FN:4,Br
FN:4,qo
FN:4,Fu
FN:4,(anonymous_285)
FN:4,(anonymous_286)
FN:4,(anonymous_287)
FN:4,(anonymous_288)
FN:4,(anonymous_289)
FN:4,(anonymous_290)
FN:4,(anonymous_291)
FN:4,(anonymous_292)
FN:4,(anonymous_293)
FN:4,(anonymous_294)
FN:4,(anonymous_295)
FN:4,(anonymous_296)
FN:5,Mu
FN:5,$u
FN:5,Lo
FN:5,Vo
FN:5,(anonymous_301)
FN:5,qu
FN:5,(anonymous_303)
FN:5,(anonymous_304)
FN:5,(anonymous_305)
FN:5,(anonymous_306)
FN:5,Vu
FN:5,Fo
FN:5,ju
FN:5,(anonymous_310)
FN:5,nt
FN:5,Bu
FN:5,ei
FN:5,jo
FN:5,Uu
FN:5,(anonymous_316)
FN:5,(anonymous_317)
FN:6,Qu
FN:6,Gr
FN:6,(anonymous_320)
FN:6,Gu
FN:6,Bo
FN:6,ai
FN:6,ts
FN:6,pi
FN:6,di
FN:6,(anonymous_327)
FN:6,(anonymous_328)
FN:6,(anonymous_329)
FN:6,(anonymous_330)
FN:6,(anonymous_331)
FN:6,(anonymous_332)
FN:6,(anonymous_333)
FN:6,(anonymous_334)
FN:6,(anonymous_335)
FN:6,(anonymous_336)
FN:6,(anonymous_337)
FN:6,(anonymous_338)
FN:6,(anonymous_339)
FN:9,ls
FN:9,(anonymous_341)
FN:9,(anonymous_342)
FN:9,Kt
FN:10,fc
FN:12,(anonymous_345)
FN:16,(anonymous_346)
FN:18,us
FN:18,cs
FN:18,gc
FN:18,Yt
FN:18,hc
FN:18,(anonymous_352)
FN:18,(anonymous_353)
FN:18,Ei
FN:18,xi
FN:18,(anonymous_356)
FN:18,(anonymous_357)
FN:20,Ec
FN:20,(anonymous_359)
FN:20,(anonymous_360)
FN:20,bc
FN:20,(anonymous_362)
FN:20,(anonymous_363)
FN:21,wc
FN:21,(anonymous_365)
FN:21,(anonymous_366)
FN:21,(anonymous_367)
FN:21,(anonymous_368)
FN:21,(anonymous_369)
FN:21,(anonymous_370)
FN:21,(anonymous_371)
FN:21,(anonymous_372)
FN:21,(anonymous_373)
FN:21,(anonymous_374)
FN:21,xc
FN:21,vi
FN:21,vc
FN:21,Pc
FN:21,Tc
FN:21,Yr
FN:21,Fe
FN:21,Ti
FN:21,(anonymous_383)
FN:21,(anonymous_384)
FN:21,ht
FN:21,Ci
FN:21,w
FN:21,(anonymous_388)
FN:21,(anonymous_389)
FN:21,(anonymous_390)
FN:21,(anonymous_391)
FN:21,(anonymous_392)
FN:21,(anonymous_393)
FN:21,(anonymous_394)
FN:21,(anonymous_395)
FN:21,(anonymous_396)
FN:21,(anonymous_397)
FN:21,(anonymous_398)
FN:21,(anonymous_399)
FN:21,(anonymous_400)
FN:21,(anonymous_401)
FN:21,(anonymous_402)
FN:21,(anonymous_403)
FN:21,(anonymous_404)
FN:21,(anonymous_405)
FN:21,(anonymous_406)
FN:21,(anonymous_407)
FN:21,(anonymous_408)
FN:21,(anonymous_409)
FN:21,(anonymous_410)
FN:21,(anonymous_411)
FN:21,(anonymous_412)
FN:21,(anonymous_413)
FN:21,(anonymous_414)
FN:21,(anonymous_415)
FN:21,(anonymous_416)
FN:21,(anonymous_417)
FN:21,(anonymous_418)
FN:21,(anonymous_419)
FN:21,(anonymous_420)
FN:21,(anonymous_421)
FN:21,(anonymous_422)
FN:21,(anonymous_423)
FN:21,(anonymous_424)
FN:21,(anonymous_425)
FN:21,(anonymous_426)
FN:21,(anonymous_427)
FN:21,(anonymous_428)
FN:21,(anonymous_429)
FN:21,(anonymous_430)
FN:21,(anonymous_431)
FN:21,(anonymous_432)
FN:21,(anonymous_433)
FN:21,(anonymous_434)
FN:21,(anonymous_435)
FN:21,(anonymous_436)
FN:21,(anonymous_437)
FN:21,(anonymous_438)
FN:21,(anonymous_439)
FN:21,(anonymous_440)
FN:21,(anonymous_441)
FN:21,(anonymous_442)
FN:21,(anonymous_443)
FN:21,(anonymous_444)
FN:21,(anonymous_445)
FN:21,(anonymous_446)
FN:21,(anonymous_447)
FN:21,(anonymous_448)
FN:21,(anonymous_449)
FN:21,(anonymous_450)
FN:21,(anonymous_451)
FN:21,(anonymous_452)
FN:21,(anonymous_453)
FN:21,(anonymous_454)
FN:21,(anonymous_455)
FN:21,(anonymous_456)
FN:21,K
FN:21,se
FN:21,rr
FN:21,Xr
FN:21,kc
FN:21,(anonymous_462)
FN:21,e
FN:21,t
FN:21,r
FN:21,(anonymous_466)
FN:21,y
FN:21,xe
FN:21,on
FN:21,rn
FN:21,ge
FN:21,Ds
FN:21,He
FN:21,_s
FN:21,Ts
FN:21,Ns
FN:21,Oi
FN:21,We
FN:21,Ls
FN:21,ki
FN:21,Dc
FN:21,_c
FN:21,Et
FN:21,sn
FN:21,Fs
FN:21,Di
FN:21,Rs
FN:21,Nc
FN:21,Lc
FN:21,Fc
FN:21,Mc
FN:21,$c
FN:21,qc
FN:21,Vc
FN:21,jc
FN:21,Bc
FN:21,Uc
FN:21,Qc
FN:21,Gc
FN:21,Jc
FN:21,Hc
FN:21,Wc
FN:21,Ms
FN:21,i
FN:21,Kc
FN:21,Yc
FN:21,zc
FN:21,Zc
FN:21,Cs
FN:21,Xc
FN:21,ep
FN:21,tp
FN:21,rp
FN:21,np
FN:21,ip
FN:21,op
FN:21,sp
FN:21,ap
FN:21,lp
FN:21,up
FN:21,cp
FN:21,pp
FN:21,dp
FN:21,mp
FN:21,fp
FN:21,gp
FN:21,hp
FN:21,yp
FN:21,Ep
FN:21,bt
FN:21,bp
FN:21,wp
FN:21,wt
FN:21,xt
FN:21,an
FN:21,vt
FN:21,(anonymous_537)
FN:21,(anonymous_538)
FN:21,(anonymous_539)
FN:21,(anonymous_540)
FN:21,(anonymous_541)
FN:21,(anonymous_542)
FN:21,(anonymous_543)
FN:21,e
FN:21,(anonymous_545)
FN:21,(anonymous_546)
FN:21,(anonymous_547)
FN:21,(anonymous_548)
FN:21,e
FN:21,(anonymous_550)
FN:21,(anonymous_551)
FN:21,(anonymous_552)
FN:21,(anonymous_553)
FN:21,(anonymous_554)
FN:21,ye
FN:21,(anonymous_556)
FN:21,(anonymous_557)
FN:21,Pp
FN:21,qs
FN:21,Tp
FN:21,(anonymous_561)
FN:21,js
FN:21,(anonymous_563)
FN:21,(anonymous_564)
FN:21,(anonymous_565)
FN:21,(anonymous_566)
FN:21,(anonymous_567)
FN:21,(anonymous_568)
FN:21,(anonymous_569)
FN:21,(anonymous_570)
FN:21,(anonymous_571)
FN:21,(anonymous_572)
FN:21,(anonymous_573)
FN:23,(anonymous_574)
FN:24,(anonymous_575)
FN:25,(anonymous_576)
FN:25,(anonymous_577)
FN:25,(anonymous_578)
FN:25,(anonymous_579)
FN:25,(anonymous_580)
FN:25,(anonymous_581)
FN:25,(anonymous_582)
FN:25,Sp
FN:25,Ap
FN:25,(anonymous_585)
FN:25,(anonymous_586)
FN:25,(anonymous_587)
FN:25,Ip
FN:25,Op
FN:25,kp
FN:26,Dp
FN:26,cn
FN:26,Hs
FN:26,(anonymous_594)
FN:26,Ws
FN:26,(anonymous_596)
FN:26,_p
FN:26,Np
FN:26,Lp
FN:26,(anonymous_600)
FN:26,Gs
FN:26,Js
FN:26,(anonymous_603)
FN:26,(anonymous_604)
FN:26,(anonymous_605)
FN:26,(anonymous_606)
FN:26,(anonymous_607)
FN:26,(anonymous_608)
FN:26,(anonymous_609)
FN:26,(anonymous_610)
FN:26,(anonymous_611)
FN:26,(anonymous_612)
FN:26,(anonymous_613)
FN:26,(anonymous_614)
FN:26,(anonymous_615)
FN:26,(anonymous_616)
FN:26,(anonymous_617)
FN:27,(anonymous_618)
FN:27,(anonymous_619)
FN:27,(anonymous_620)
FN:27,(anonymous_621)
FN:27,(anonymous_622)
FN:27,(anonymous_623)
FN:27,(anonymous_624)
FN:27,(anonymous_625)
FN:27,(anonymous_626)
FN:27,(anonymous_627)
FN:27,(anonymous_628)
FN:27,(anonymous_629)
FN:27,(anonymous_630)
FN:27,(anonymous_631)
FN:27,(anonymous_632)
FN:27,(anonymous_633)
FN:27,(anonymous_634)
FN:27,(anonymous_635)
FN:27,(anonymous_636)
FN:27,(anonymous_637)
FN:27,(anonymous_638)
FN:27,(anonymous_639)
FN:27,(anonymous_640)
FN:27,(anonymous_641)
FN:27,(anonymous_642)
FN:27,(anonymous_643)
FN:27,(anonymous_644)
FN:27,(anonymous_645)
FN:27,(anonymous_646)
FN:27,(anonymous_647)
FN:27,(anonymous_648)
FN:27,(anonymous_649)
FN:27,(anonymous_650)
FN:27,(anonymous_651)
FN:27,(anonymous_652)
FN:27,(anonymous_653)
FN:27,(anonymous_654)
FN:27,(anonymous_655)
FN:27,(anonymous_656)
FN:27,(anonymous_657)
FN:27,(anonymous_658)
FN:27,(anonymous_659)
FN:27,(anonymous_660)
FN:27,(anonymous_661)
FN:27,(anonymous_662)
FN:27,(anonymous_663)
FN:27,(anonymous_664)
FN:27,(anonymous_665)
FN:27,(anonymous_666)
FN:27,(anonymous_667)
FN:27,(anonymous_668)
FN:27,(anonymous_669)
FN:27,(anonymous_670)
FN:27,(anonymous_671)
FN:27,(anonymous_672)
FN:27,(anonymous_673)
FN:27,(anonymous_674)
FN:27,(anonymous_675)
FN:27,(anonymous_676)
FN:27,pn
FN:27,Mp
FN:27,(anonymous_679)
FN:27,$p
FN:27,(anonymous_681)
FN:28,qp
FN:28,(anonymous_683)
FN:28,Vp
FN:28,(anonymous_685)
FN:28,jp
FN:28,(anonymous_687)
FN:28,Bp
FN:28,(anonymous_689)
FN:28,Up
FN:28,(anonymous_691)
FN:28,Qp
FN:28,(anonymous_693)
FN:28,Gp
FN:28,(anonymous_695)
FN:28,(anonymous_696)
FN:28,Jp
FN:28,(anonymous_698)
FN:28,(anonymous_699)
FN:28,zs
FN:28,Hp
FN:28,(anonymous_702)
FN:28,Zs
FN:28,Wp
FN:28,(anonymous_705)
FN:28,(anonymous_706)
FN:28,Kp
FN:28,(anonymous_708)
FN:28,(anonymous_709)
FN:28,Yp
FN:28,(anonymous_711)
FN:28,zp
FN:28,(anonymous_713)
FN:28,(anonymous_714)
FN:28,Zp
FN:28,(anonymous_716)
FN:28,(anonymous_717)
FN:28,Xs
FN:28,Xp
FN:28,ed
FN:28,td
FN:28,ea
FN:28,ta
FN:28,ir
FN:28,or
FN:28,gn
FN:28,nd
FN:28,ra
FN:28,(anonymous_729)
FN:28,(anonymous_730)
FN:28,St
FN:28,(anonymous_732)
FN:28,(anonymous_733)
FN:28,(anonymous_734)
FN:28,(anonymous_735)
FN:28,Li
FN:28,(anonymous_737)
FN:28,(anonymous_738)
FN:28,(anonymous_739)
FN:28,(anonymous_740)
FN:28,(anonymous_741)
FN:28,(anonymous_742)
FN:28,(anonymous_743)
FN:28,(anonymous_744)
FN:28,(anonymous_745)
FN:29,At
FN:29,ia
FN:29,oa
FN:29,id
FN:29,bn
FN:29,wn
FN:29,(anonymous_752)
FN:29,(anonymous_753)
FN:29,(anonymous_754)
FN:29,(anonymous_755)
FN:29,pr
FN:29,(anonymous_757)
FN:29,Re
FN:29,(anonymous_759)
FN:29,aa
FN:29,od
FN:29,(anonymous_762)
FN:29,(anonymous_763)
FN:29,(anonymous_764)
FN:29,(anonymous_765)
FN:29,sa
FN:29,(anonymous_767)
FN:29,(anonymous_768)
FN:29,sd
FN:29,(anonymous_770)
FN:29,la
FN:29,ua
FN:29,(anonymous_773)
FN:29,(anonymous_774)
FN:29,(anonymous_775)
FN:29,(anonymous_776)
FN:29,(anonymous_777)
FN:29,(anonymous_778)
FN:29,(anonymous_779)
FN:29,(anonymous_780)
FN:29,(anonymous_781)
FN:29,(anonymous_782)
FN:29,(anonymous_783)
FN:29,(anonymous_784)
FN:29,(anonymous_785)
FN:29,(anonymous_786)
FN:29,(anonymous_787)
FN:29,(anonymous_788)
FN:29,(anonymous_789)
FN:29,(anonymous_790)
FN:29,(anonymous_791)
FN:29,(anonymous_792)
FN:29,(anonymous_793)
FN:29,(anonymous_794)
FN:29,(anonymous_795)
FN:29,Ce
FN:29,Pn
FN:29,mr
FN:29,ld
FN:29,ud
FN:29,cd
FN:29,pd
FN:29,dd
FN:29,da
FN:29,ma
FN:29,md
FN:29,fd
FN:29,gd
FN:29,$i
FN:29,(anonymous_810)
FN:29,(anonymous_811)
FN:29,(anonymous_812)
FN:29,(anonymous_813)
FN:29,(anonymous_814)
FN:29,(anonymous_815)
FN:29,(anonymous_816)
FN:29,(anonymous_817)
FN:29,(anonymous_818)
FN:29,(anonymous_819)
FN:29,(anonymous_820)
FN:29,(anonymous_821)
FN:29,(anonymous_822)
FN:29,(anonymous_823)
FN:29,(anonymous_824)
FN:29,(anonymous_825)
FN:29,(anonymous_826)
FN:29,(anonymous_827)
FN:29,(anonymous_828)
FN:29,fa
FN:29,qi
FN:29,ga
FN:29,(anonymous_832)
FN:29,(anonymous_833)
FN:29,hd
FN:29,Vi
FN:29,(anonymous_836)
FN:29,(anonymous_837)
FN:29,(anonymous_838)
FN:29,(anonymous_839)
FN:29,ha
FN:29,(anonymous_841)
FN:29,ya
FN:29,fr
FN:29,(anonymous_844)
FN:29,(anonymous_845)
FN:29,(anonymous_846)
FN:29,(anonymous_847)
FN:29,(anonymous_848)
FN:29,(anonymous_849)
FN:29,(anonymous_850)
FN:29,(anonymous_851)
FN:29,(anonymous_852)
FN:29,(anonymous_853)
FN:29,(anonymous_854)
FN:29,(anonymous_855)
FN:29,Se
FN:29,(anonymous_857)
FN:29,bd
FN:29,(anonymous_859)
FN:29,(anonymous_860)
FN:29,(anonymous_861)
FN:29,(anonymous_862)
FN:29,(anonymous_863)
FN:29,(anonymous_864)
FN:29,(anonymous_865)
FN:29,Ea
FN:29,Gi
FN:29,Ji
FN:29,gr
FN:29,(anonymous_870)
FN:29,(anonymous_871)
FN:29,ie
FN:29,(anonymous_873)
FN:29,(anonymous_874)
FN:29,ot
FN:29,(anonymous_876)
FN:29,(anonymous_877)
FN:29,(anonymous_878)
FN:29,(anonymous_879)
FN:29,Cn
FN:29,(anonymous_881)
FN:29,(anonymous_882)
FN:29,(anonymous_883)
FN:29,(anonymous_884)
FN:29,(anonymous_885)
FN:29,Ae
FN:29,(anonymous_887)
FN:29,(anonymous_888)
FN:29,(anonymous_889)
FN:29,(anonymous_890)
FN:29,(anonymous_891)
FN:29,(anonymous_892)
FN:29,(anonymous_893)
FN:29,(anonymous_894)
FN:29,wd
FN:29,xa
FN:29,(anonymous_897)
FN:29,kt
FN:29,(anonymous_899)
FN:29,(anonymous_900)
FN:29,(anonymous_901)
FN:29,Dt
FN:29,va
FN:29,_t
FN:29,vd
FN:30,Pa
FN:31,(anonymous_907)
FN:31,Rd
FN:31,Sd
FN:31,Od
FN:31,Dd
FN:31,Nd
FN:31,(anonymous_913)
FN:31,(anonymous_914)
FN:31,(anonymous_915)
FN:31,(anonymous_916)
FN:31,Ze
FN:31,Nt
FN:31,(anonymous_919)
FN:31,Fd
FN:31,Sn
FN:31,(anonymous_922)
FN:31,Ra
FN:31,Md
FN:31,$d
FN:31,(anonymous_926)
FN:31,(anonymous_927)
FN:31,Ca
FN:31,qd
FN:31,Vd
FN:31,(anonymous_931)
FN:31,(anonymous_932)
FN:31,Sa
FN:31,Aa
FN:31,(anonymous_935)
FN:31,(anonymous_936)
FN:31,(anonymous_937)
FN:31,Ia
FN:31,(anonymous_939)
FN:31,(anonymous_940)
FN:31,(anonymous_941)
FN:31,(anonymous_942)
FN:31,(anonymous_943)
FN:31,(anonymous_944)
FN:31,(anonymous_945)
FN:31,(anonymous_946)
FN:31,jd
FN:31,Bd
FN:31,Yi
FN:31,(anonymous_950)
FN:31,(anonymous_951)
FN:31,(anonymous_952)
FN:31,Ud
FN:31,(anonymous_954)
FN:31,(anonymous_955)
FN:31,zi
FN:31,(anonymous_957)
FN:31,(anonymous_958)
FN:31,(anonymous_959)
FN:31,Jd
FN:31,(anonymous_961)
FN:31,(anonymous_962)
FN:31,(anonymous_963)
FN:31,(anonymous_964)
FN:31,(anonymous_965)
FN:31,Hd
FN:31,Wd
FN:31,(anonymous_968)
FN:31,Da
FN:31,(anonymous_970)
FN:31,yr
FN:31,(anonymous_972)
FN:31,(anonymous_973)
FN:31,Kd
FN:31,(anonymous_975)
FN:31,(anonymous_976)
FN:31,(anonymous_977)
FN:31,_a
FN:31,Na
FN:31,La
FN:31,(anonymous_981)
FN:31,(anonymous_982)
FN:31,Yd
FN:31,(anonymous_984)
FN:31,zd
FN:31,(anonymous_986)
FN:31,An
FN:31,Fa
FN:31,(anonymous_989)
FN:31,Ma
FN:31,(anonymous_991)
FN:31,$a
FN:31,Zd
FN:31,Er
FN:31,Va
FN:31,(anonymous_996)
FN:31,(anonymous_997)
FN:31,ja
FN:31,Ba
FN:31,(anonymous_1000)
FN:31,Ua
FN:31,(anonymous_1002)
FN:31,(anonymous_1003)
FN:31,(anonymous_1004)
FN:31,Qa
FN:31,(anonymous_1006)
FN:31,Ha
FN:33,Wa
FN:33,Ka
FN:33,In
FN:33,On
FN:35,rm
FN:35,Xe
FN:35,et
FN:36,(anonymous_1015)
FN:37,Ya
FN:42,kn
FN:43,Dn
FN:45,za
FN:52,Za
FN:52,(anonymous_1021)
FN:57,Xa
FN:64,(anonymous_1023)
FN:64,tl
FN:64,(anonymous_1025)
FN:64,(anonymous_1026)
FN:64,om
FN:64,rl
FN:64,nl
FN:64,(anonymous_1030)
FN:64,il
FN:65,(anonymous_1032)
FN:66,sl
FN:66,al
FN:110,Lt
FN:110,(anonymous_1036)
FN:110,(anonymous_1037)
FN:110,(anonymous_1038)
FN:110,S
FN:110,(anonymous_1040)
FN:110,(anonymous_1041)
FN:110,(anonymous_1042)
FN:110,(anonymous_1043)
FN:110,(anonymous_1044)
FN:110,(anonymous_1045)
FN:110,(anonymous_1046)
FN:110,(anonymous_1047)
FN:110,(anonymous_1048)
FN:110,(anonymous_1049)
FN:110,(anonymous_1050)
FN:110,(anonymous_1051)
FN:110,(anonymous_1052)
FN:110,(anonymous_1053)
FN:110,(anonymous_1054)
FN:110,(anonymous_1055)
FN:110,lm
FN:110,Or
FN:110,$t
FN:110,ll
FN:110,(anonymous_1060)
FN:110,(anonymous_1061)
FN:110,ul
FN:110,cl
FN:110,(anonymous_1064)
FN:110,um
FN:110,so
FN:110,(anonymous_1067)
FN:111,ut
FN:111,(anonymous_1069)
FN:111,dm
FN:111,ml
FN:111,mm
FN:111,(anonymous_1073)
FN:111,(anonymous_1074)
FN:111,(anonymous_1075)
FN:111,(anonymous_1076)
FN:111,(anonymous_1077)
FN:111,(anonymous_1078)
FN:111,(anonymous_1079)
FN:111,(anonymous_1080)
FN:111,(anonymous_1081)
FN:111,(anonymous_1082)
FN:111,(anonymous_1083)
FN:111,(anonymous_1084)
FN:111,(anonymous_1085)
FN:111,(anonymous_1086)
FN:111,(anonymous_1087)
FN:111,(anonymous_1088)
FN:111,(anonymous_1089)
FN:111,(anonymous_1090)
FN:111,(anonymous_1091)
FN:111,(anonymous_1092)
FN:111,(anonymous_1093)
FN:111,(anonymous_1094)
FN:111,(anonymous_1095)
FN:111,(anonymous_1096)
FN:111,(anonymous_1097)
FN:111,(anonymous_1098)
FN:111,(anonymous_1099)
FN:111,(anonymous_1100)
FN:111,(anonymous_1101)
FN:111,gl
FN:111,fm
FN:111,gm
FN:111,(anonymous_1105)
FN:111,(anonymous_1106)
FN:111,(anonymous_1107)
FN:111,(anonymous_1108)
FN:111,(anonymous_1109)
FN:111,(anonymous_1110)
FN:111,(anonymous_1111)
FN:111,ym
FN:111,Em
FN:111,wm
FN:111,(anonymous_1115)
FN:111,(anonymous_1116)
FN:111,(anonymous_1117)
FN:111,(anonymous_1118)
FN:111,(anonymous_1119)
FN:111,(anonymous_1120)
FN:111,(anonymous_1121)
FN:111,(anonymous_1122)
FN:111,(anonymous_1123)
FN:111,(anonymous_1124)
FN:112,(anonymous_1125)
FN:112,(anonymous_1126)
FN:112,(anonymous_1127)
FN:112,(anonymous_1128)
FN:112,(anonymous_1129)
FN:112,(anonymous_1130)
FN:112,(anonymous_1131)
FN:112,(anonymous_1132)
FN:112,(anonymous_1133)
FN:112,(anonymous_1134)
FN:112,(anonymous_1135)
FN:112,(anonymous_1136)
FN:112,(anonymous_1137)
FN:112,(anonymous_1138)
FN:112,(anonymous_1139)
FN:113,(anonymous_1140)
FN:113,(anonymous_1141)
FN:113,(anonymous_1142)
FN:113,(anonymous_1143)
FN:113,(anonymous_1144)
FN:113,xm
FN:113,mo
FN:113,wl
FN:114,Ln
FN:114,(anonymous_1149)
FN:114,(anonymous_1150)
FN:114,(anonymous_1151)
FN:114,qt
FN:114,Pl
FN:114,(anonymous_1154)
FN:114,Rl
FN:114,(anonymous_1156)
FN:114,vm
FN:114,Cl
FN:114,Tl
FN:114,fo
FN:121,(anonymous_1161)
FN:121,(anonymous_1162)
FN:121,(anonymous_1163)
FN:121,(anonymous_1164)
FN:121,(anonymous_1165)
FN:121,(anonymous_1166)
FN:121,ho
FN:121,(anonymous_1168)
FN:121,(anonymous_1169)
FN:121,(anonymous_1170)
FN:121,(anonymous_1171)
FN:121,(anonymous_1172)
FN:121,(anonymous_1173)
FN:121,kl
FN:121,(anonymous_1175)
FN:121,(anonymous_1176)
FN:121,(anonymous_1177)
FN:121,(anonymous_1178)
FN:121,(anonymous_1179)
FN:121,(anonymous_1180)
FN:121,(anonymous_1181)
FN:121,(anonymous_1182)
FN:121,(anonymous_1183)
FN:121,(anonymous_1184)
FN:121,(anonymous_1185)
FN:121,Dl
FN:121,_l
FN:121,(anonymous_1188)
FN:121,(anonymous_1189)
FN:121,(anonymous_1190)
FN:121,Nl
FN:121,(anonymous_1192)
FN:121,(anonymous_1193)
FN:121,(anonymous_1194)
FN:121,(anonymous_1195)
FN:121,(anonymous_1196)
FN:121,(anonymous_1197)
FN:121,Mn
FN:121,Ll
FN:121,Eo
FN:121,(anonymous_1201)
FN:121,bo
FN:121,(anonymous_1203)
FN:121,(anonymous_1204)
FN:121,(anonymous_1205)
FN:121,(anonymous_1206)
FN:121,(anonymous_1207)
FN:121,(anonymous_1208)
FN:121,(anonymous_1209)
FN:121,(anonymous_1210)
FN:121,(anonymous_1211)
FN:121,(anonymous_1212)
FN:121,(anonymous_1213)
FN:121,(anonymous_1214)
FN:121,ct
FN:121,(anonymous_1216)
FN:121,(anonymous_1217)
FN:121,(anonymous_1218)
FN:121,(anonymous_1219)
FN:121,(anonymous_1220)
FN:121,(anonymous_1221)
FN:121,qn
FN:121,Sm
FN:121,(anonymous_1224)
FN:121,(anonymous_1225)
FN:121,(anonymous_1226)
FN:121,(anonymous_1227)
FN:121,(anonymous_1228)
FN:121,(anonymous_1229)
FN:121,(anonymous_1230)
FN:121,(anonymous_1231)
FN:121,(anonymous_1232)
FN:121,(anonymous_1233)
FN:121,(anonymous_1234)
FN:121,(anonymous_1235)
FN:121,(anonymous_1236)
FN:121,(anonymous_1237)
FN:121,(anonymous_1238)
FN:121,(anonymous_1239)
FN:121,Im
FN:121,Ml
FN:121,Om
FN:121,km
FN:121,$l
FN:121,(anonymous_1245)
FN:122,(anonymous_1246)
FN:122,(anonymous_1247)
FN:125,(anonymous_1248)
FN:125,(anonymous_1249)
FN:126,(anonymous_1250)
FN:126,(anonymous_1251)
FN:126,t
FN:126,(anonymous_1253)
FN:126,(anonymous_1254)
FN:126,(anonymous_1255)
FN:126,(anonymous_1256)
FN:126,(anonymous_1257)
FN:126,Jl
FN:126,Vt
FN:126,Nm
FN:126,(anonymous_1261)
FN:126,(anonymous_1262)
FN:126,Lm
FN:126,Ql
FN:126,(anonymous_1265)
FN:126,Fm
FN:126,(anonymous_1267)
FN:126,(anonymous_1268)
FN:126,(anonymous_1269)
FN:126,(anonymous_1270)
FN:130,Hl
FN:130,(anonymous_1272)
FN:130,(anonymous_1273)
FN:130,(anonymous_1274)
FN:130,(anonymous_1275)
FN:130,(anonymous_1276)
FN:130,(anonymous_1277)
FN:130,(anonymous_1278)
FN:130,(anonymous_1279)
FN:130,Xl
FN:130,(anonymous_1281)
FN:130,(anonymous_1282)
FN:130,(anonymous_1283)
FN:130,(anonymous_1284)
FN:130,(anonymous_1285)
FN:130,(anonymous_1286)
FN:130,(anonymous_1287)
FN:130,(anonymous_1288)
FN:130,(anonymous_1289)
FN:130,(anonymous_1290)
FN:130,(anonymous_1291)
FN:130,(anonymous_1292)
FN:130,(anonymous_1293)
FN:130,(anonymous_1294)
FN:130,(anonymous_1295)
FN:130,(anonymous_1296)
FN:130,(anonymous_1297)
FN:130,(anonymous_1298)
FN:130,(anonymous_1299)
FN:130,(anonymous_1300)
FN:130,(anonymous_1301)
FN:130,(anonymous_1302)
FN:130,(anonymous_1303)
FN:130,(anonymous_1304)
FN:130,(anonymous_1305)
FN:130,(anonymous_1306)
FN:130,(anonymous_1307)
FN:130,(anonymous_1308)
FN:130,(anonymous_1309)
FN:130,(anonymous_1310)
FN:130,(anonymous_1311)
FN:130,(anonymous_1312)
FN:130,(anonymous_1313)
FN:130,(anonymous_1314)
FN:130,(anonymous_1315)
FN:130,(anonymous_1316)
FN:130,(anonymous_1317)
FN:130,(anonymous_1318)
FN:130,(anonymous_1319)
FN:130,(anonymous_1320)
FN:130,(anonymous_1321)
FN:130,(anonymous_1322)
FN:130,(anonymous_1323)
FN:131,(anonymous_1324)
FN:131,(anonymous_1325)
FN:131,(anonymous_1326)
FN:131,Wl
FN:131,Vm
FN:131,eu
FN:131,(anonymous_1330)
FN:131,tu
FNF:1332
FNH:272
FNDA:32,(anonymous_0)
FNDA:44,(anonymous_1)
FNDA:10,(anonymous_2)
FNDA:60,(anonymous_3)
FNDA:47,(anonymous_4)
FNDA:58,(anonymous_5)
FNDA:2,(anonymous_6)
FNDA:2,(anonymous_7)
FNDA:0,(anonymous_8)
FNDA:0,(anonymous_9)
FNDA:0,(anonymous_10)
FNDA:0,(anonymous_11)
FNDA:0,(anonymous_12)
FNDA:0,(anonymous_13)
FNDA:0,(anonymous_14)
FNDA:0,(anonymous_15)
FNDA:0,(anonymous_16)
FNDA:0,(anonymous_17)
FNDA:0,(anonymous_18)
FNDA:2,(anonymous_19)
FNDA:72,(anonymous_20)
FNDA:2,(anonymous_21)
FNDA:8,ni
FNDA:8,ii
FNDA:0,(anonymous_24)
FNDA:4,Hu
FNDA:2,(anonymous_26)
FNDA:0,Ko
FNDA:0,(anonymous_28)
FNDA:4,oi
FNDA:2,(anonymous_30)
FNDA:0,(anonymous_31)
FNDA:0,(anonymous_32)
FNDA:0,(anonymous_33)
FNDA:2,(anonymous_34)
FNDA:2,(anonymous_35)
FNDA:2,(anonymous_36)
FNDA:2,(anonymous_37)
FNDA:7,ic
FNDA:0,oc
FNDA:0,sc
FNDA:0,ac
FNDA:0,Wr
FNDA:7,os
FNDA:0,lc
FNDA:0,ss
FNDA:7,is
FNDA:0,uc
FNDA:7,cc
FNDA:7,pc
FNDA:0,dc
FNDA:14,mc
FNDA:2,(anonymous_52)
FNDA:0,(anonymous_53)
FNDA:0,(anonymous_54)
FNDA:2,(anonymous_55)
FNDA:0,(anonymous_56)
FNDA:2,(anonymous_57)
FNDA:0,(anonymous_58)
FNDA:2,(anonymous_59)
FNDA:0,(anonymous_60)
FNDA:2,(anonymous_61)
FNDA:0,(anonymous_62)
FNDA:2,(anonymous_63)
FNDA:0,(anonymous_64)
FNDA:2,(anonymous_65)
FNDA:2,(anonymous_66)
FNDA:0,e
FNDA:0,(anonymous_68)
FNDA:2,(anonymous_69)
FNDA:2,(anonymous_70)
FNDA:2,(anonymous_71)
FNDA:0,(anonymous_72)
FNDA:2,(anonymous_73)
FNDA:2,(anonymous_74)
FNDA:2,(anonymous_75)
FNDA:2,(anonymous_76)
FNDA:2,(anonymous_77)
FNDA:2,(anonymous_78)
FNDA:0,(anonymous_79)
FNDA:2,(anonymous_80)
FNDA:0,(anonymous_81)
FNDA:0,(anonymous_82)
FNDA:0,(anonymous_83)
FNDA:2,(anonymous_84)
FNDA:2,(anonymous_85)
FNDA:2,(anonymous_86)
FNDA:2,(anonymous_87)
FNDA:2,(anonymous_88)
FNDA:0,(anonymous_89)
FNDA:2,(anonymous_90)
FNDA:2,(anonymous_91)
FNDA:0,(anonymous_92)
FNDA:2,(anonymous_93)
FNDA:2,(anonymous_94)
FNDA:2,(anonymous_95)
FNDA:2,(anonymous_96)
FNDA:2,(anonymous_97)
FNDA:2,(anonymous_98)
FNDA:0,xo
FNDA:0,(anonymous_100)
FNDA:0,vo
FNDA:2,(anonymous_102)
FNDA:0,Po
FNDA:0,(anonymous_104)
FNDA:0,(anonymous_105)
FNDA:0,(anonymous_106)
FNDA:0,(anonymous_107)
FNDA:0,(anonymous_108)
FNDA:0,(anonymous_109)
FNDA:0,(anonymous_110)
FNDA:0,(anonymous_111)
FNDA:0,(anonymous_112)
FNDA:0,(anonymous_113)
FNDA:0,(anonymous_114)
FNDA:0,(anonymous_115)
FNDA:0,(anonymous_116)
FNDA:0,(anonymous_117)
FNDA:0,(anonymous_118)
FNDA:0,(anonymous_119)
FNDA:0,(anonymous_120)
FNDA:0,(anonymous_121)
FNDA:0,(anonymous_122)
FNDA:0,(anonymous_123)
FNDA:0,(anonymous_124)
FNDA:0,(anonymous_125)
FNDA:0,(anonymous_126)
FNDA:0,(anonymous_127)
FNDA:0,(anonymous_128)
FNDA:0,(anonymous_129)
FNDA:0,(anonymous_130)
FNDA:0,(anonymous_131)
FNDA:52,$
FNDA:17,(anonymous_133)
FNDA:0,(anonymous_134)
FNDA:0,(anonymous_135)
FNDA:93,(anonymous_136)
FNDA:93,(anonymous_137)
FNDA:93,(anonymous_138)
FNDA:93,(anonymous_139)
FNDA:0,(anonymous_140)
FNDA:29,Su
FNDA:0,(anonymous_142)
FNDA:62,(anonymous_143)
FNDA:0,(anonymous_144)
FNDA:0,(anonymous_145)
FNDA:0,(anonymous_146)
FNDA:2,(anonymous_147)
FNDA:0,(anonymous_148)
FNDA:0,Au
FNDA:0,(anonymous_150)
FNDA:0,ko
FNDA:0,(anonymous_152)
FNDA:0,(anonymous_153)
FNDA:1,Do
FNDA:5,Hn
FNDA:5,qr
FNDA:0,(anonymous_157)
FNDA:0,(anonymous_158)
FNDA:0,(anonymous_159)
FNDA:0,(anonymous_160)
FNDA:0,(anonymous_161)
FNDA:0,(anonymous_162)
FNDA:0,(anonymous_163)
FNDA:0,(anonymous_164)
FNDA:0,(anonymous_165)
FNDA:0,(anonymous_166)
FNDA:0,(anonymous_167)
FNDA:16,me
FNDA:0,(anonymous_169)
FNDA:0,(anonymous_170)
FNDA:0,(anonymous_171)
FNDA:0,(anonymous_172)
FNDA:0,Ou
FNDA:0,(anonymous_174)
FNDA:0,(anonymous_175)
FNDA:0,(anonymous_176)
FNDA:0,(anonymous_177)
FNDA:0,(anonymous_178)
FNDA:0,j
FNDA:0,(anonymous_180)
FNDA:0,(anonymous_181)
FNDA:0,(anonymous_182)
FNDA:0,(anonymous_183)
FNDA:0,(anonymous_184)
FNDA:0,ku
FNDA:0,(anonymous_186)
FNDA:0,(anonymous_187)
FNDA:0,(anonymous_188)
FNDA:0,(anonymous_189)
FNDA:0,(anonymous_190)
FNDA:0,(anonymous_191)
FNDA:16,I
FNDA:0,(anonymous_193)
FNDA:0,(anonymous_194)
FNDA:0,No
FNDA:0,(anonymous_196)
FNDA:0,(anonymous_197)
FNDA:0,(anonymous_198)
FNDA:0,(anonymous_199)
FNDA:0,Ee
FNDA:0,je
FNDA:0,Be
FNDA:0,(anonymous_203)
FNDA:2,(anonymous_204)
FNDA:0,(anonymous_205)
FNDA:0,(anonymous_206)
FNDA:0,(anonymous_207)
FNDA:0,(anonymous_208)
FNDA:0,(anonymous_209)
FNDA:0,(anonymous_210)
FNDA:0,(anonymous_211)
FNDA:0,(anonymous_212)
FNDA:0,(anonymous_213)
FNDA:0,(anonymous_214)
FNDA:0,(anonymous_215)
FNDA:0,(anonymous_216)
FNDA:0,(anonymous_217)
FNDA:0,(anonymous_218)
FNDA:0,(anonymous_219)
FNDA:0,(anonymous_220)
FNDA:0,(anonymous_221)
FNDA:2,(anonymous_222)
FNDA:0,(anonymous_223)
FNDA:0,(anonymous_224)
FNDA:0,(anonymous_225)
FNDA:0,(anonymous_226)
FNDA:0,(anonymous_227)
FNDA:0,(anonymous_228)
FNDA:0,(anonymous_229)
FNDA:0,(anonymous_230)
FNDA:0,(anonymous_231)
FNDA:0,(anonymous_232)
FNDA:0,(anonymous_233)
FNDA:0,(anonymous_234)
FNDA:0,(anonymous_235)
FNDA:0,(anonymous_236)
FNDA:0,(anonymous_237)
FNDA:0,(anonymous_238)
FNDA:0,(anonymous_239)
FNDA:0,(anonymous_240)
FNDA:0,(anonymous_241)
FNDA:0,(anonymous_242)
FNDA:0,(anonymous_243)
FNDA:0,(anonymous_244)
FNDA:0,(anonymous_245)
FNDA:2,(anonymous_246)
FNDA:0,(anonymous_247)
FNDA:0,(anonymous_248)
FNDA:0,(anonymous_249)
FNDA:0,(anonymous_250)
FNDA:0,(anonymous_251)
FNDA:0,(anonymous_252)
FNDA:0,(anonymous_253)
FNDA:0,(anonymous_254)
FNDA:0,(anonymous_255)
FNDA:0,(anonymous_256)
FNDA:0,(anonymous_257)
FNDA:0,(anonymous_258)
FNDA:0,(anonymous_259)
FNDA:0,(anonymous_260)
FNDA:0,(anonymous_261)
FNDA:0,(anonymous_262)
FNDA:0,(anonymous_263)
FNDA:0,(anonymous_264)
FNDA:0,(anonymous_265)
FNDA:0,(anonymous_266)
FNDA:0,(anonymous_267)
FNDA:0,(anonymous_268)
FNDA:0,(anonymous_269)
FNDA:0,(anonymous_270)
FNDA:0,dt
FNDA:0,(anonymous_272)
FNDA:0,(anonymous_273)
FNDA:0,(anonymous_274)
FNDA:0,(anonymous_275)
FNDA:0,(anonymous_276)
FNDA:0,(anonymous_277)
FNDA:0,(anonymous_278)
FNDA:0,(anonymous_279)
FNDA:0,(anonymous_280)
FNDA:0,(anonymous_281)
FNDA:0,Br
FNDA:5,qo
FNDA:0,Fu
FNDA:0,(anonymous_285)
FNDA:0,(anonymous_286)
FNDA:0,(anonymous_287)
FNDA:0,(anonymous_288)
FNDA:0,(anonymous_289)
FNDA:0,(anonymous_290)
FNDA:0,(anonymous_291)
FNDA:0,(anonymous_292)
FNDA:0,(anonymous_293)
FNDA:0,(anonymous_294)
FNDA:0,(anonymous_295)
FNDA:0,(anonymous_296)
FNDA:0,Mu
FNDA:0,$u
FNDA:0,Lo
FNDA:0,Vo
FNDA:0,(anonymous_301)
FNDA:0,qu
FNDA:0,(anonymous_303)
FNDA:0,(anonymous_304)
FNDA:0,(anonymous_305)
FNDA:0,(anonymous_306)
FNDA:0,Vu
FNDA:0,Fo
FNDA:0,ju
FNDA:0,(anonymous_310)
FNDA:10,nt
FNDA:15,Bu
FNDA:5,ei
FNDA:15,jo
FNDA:5,Uu
FNDA:0,(anonymous_316)
FNDA:0,(anonymous_317)
FNDA:0,Qu
FNDA:0,Gr
FNDA:0,(anonymous_320)
FNDA:0,Gu
FNDA:0,Bo
FNDA:0,ai
FNDA:0,ts
FNDA:0,pi
FNDA:0,di
FNDA:0,(anonymous_327)
FNDA:0,(anonymous_328)
FNDA:0,(anonymous_329)
FNDA:0,(anonymous_330)
FNDA:0,(anonymous_331)
FNDA:0,(anonymous_332)
FNDA:0,(anonymous_333)
FNDA:0,(anonymous_334)
FNDA:0,(anonymous_335)
FNDA:0,(anonymous_336)
FNDA:0,(anonymous_337)
FNDA:0,(anonymous_338)
FNDA:0,(anonymous_339)
FNDA:7,ls
FNDA:14,(anonymous_341)
FNDA:0,(anonymous_342)
FNDA:7,Kt
FNDA:2,fc
FNDA:0,(anonymous_345)
FNDA:0,(anonymous_346)
FNDA:14,us
FNDA:9,cs
FNDA:14,gc
FNDA:5,Yt
FNDA:5,hc
FNDA:2,(anonymous_352)
FNDA:2,(anonymous_353)
FNDA:0,Ei
FNDA:0,xi
FNDA:0,(anonymous_356)
FNDA:0,(anonymous_357)
FNDA:0,Ec
FNDA:0,(anonymous_359)
FNDA:0,(anonymous_360)
FNDA:0,bc
FNDA:0,(anonymous_362)
FNDA:0,(anonymous_363)
FNDA:0,wc
FNDA:0,(anonymous_365)
FNDA:0,(anonymous_366)
FNDA:0,(anonymous_367)
FNDA:0,(anonymous_368)
FNDA:0,(anonymous_369)
FNDA:0,(anonymous_370)
FNDA:0,(anonymous_371)
FNDA:0,(anonymous_372)
FNDA:0,(anonymous_373)
FNDA:0,(anonymous_374)
FNDA:0,xc
FNDA:0,vi
FNDA:0,vc
FNDA:0,Pc
FNDA:0,Tc
FNDA:0,Yr
FNDA:0,Fe
FNDA:0,Ti
FNDA:0,(anonymous_383)
FNDA:0,(anonymous_384)
FNDA:1,ht
FNDA:0,Ci
FNDA:44,w
FNDA:0,(anonymous_388)
FNDA:0,(anonymous_389)
FNDA:0,(anonymous_390)
FNDA:0,(anonymous_391)
FNDA:0,(anonymous_392)
FNDA:0,(anonymous_393)
FNDA:0,(anonymous_394)
FNDA:0,(anonymous_395)
FNDA:0,(anonymous_396)
FNDA:0,(anonymous_397)
FNDA:0,(anonymous_398)
FNDA:0,(anonymous_399)
FNDA:0,(anonymous_400)
FNDA:0,(anonymous_401)
FNDA:0,(anonymous_402)
FNDA:0,(anonymous_403)
FNDA:0,(anonymous_404)
FNDA:0,(anonymous_405)
FNDA:0,(anonymous_406)
FNDA:0,(anonymous_407)
FNDA:0,(anonymous_408)
FNDA:0,(anonymous_409)
FNDA:0,(anonymous_410)
FNDA:0,(anonymous_411)
FNDA:0,(anonymous_412)
FNDA:0,(anonymous_413)
FNDA:0,(anonymous_414)
FNDA:0,(anonymous_415)
FNDA:0,(anonymous_416)
FNDA:0,(anonymous_417)
FNDA:0,(anonymous_418)
FNDA:0,(anonymous_419)
FNDA:0,(anonymous_420)
FNDA:0,(anonymous_421)
FNDA:0,(anonymous_422)
FNDA:0,(anonymous_423)
FNDA:0,(anonymous_424)
FNDA:0,(anonymous_425)
FNDA:0,(anonymous_426)
FNDA:0,(anonymous_427)
FNDA:0,(anonymous_428)
FNDA:0,(anonymous_429)
FNDA:0,(anonymous_430)
FNDA:0,(anonymous_431)
FNDA:0,(anonymous_432)
FNDA:0,(anonymous_433)
FNDA:0,(anonymous_434)
FNDA:0,(anonymous_435)
FNDA:0,(anonymous_436)
FNDA:0,(anonymous_437)
FNDA:0,(anonymous_438)
FNDA:0,(anonymous_439)
FNDA:0,(anonymous_440)
FNDA:0,(anonymous_441)
FNDA:0,(anonymous_442)
FNDA:0,(anonymous_443)
FNDA:0,(anonymous_444)
FNDA:0,(anonymous_445)
FNDA:0,(anonymous_446)
FNDA:0,(anonymous_447)
FNDA:0,(anonymous_448)
FNDA:0,(anonymous_449)
FNDA:0,(anonymous_450)
FNDA:0,(anonymous_451)
FNDA:0,(anonymous_452)
FNDA:0,(anonymous_453)
FNDA:0,(anonymous_454)
FNDA:0,(anonymous_455)
FNDA:0,(anonymous_456)
FNDA:0,K
FNDA:0,se
FNDA:0,rr
FNDA:0,Xr
FNDA:0,kc
FNDA:2,(anonymous_462)
FNDA:0,e
FNDA:0,t
FNDA:0,r
FNDA:0,(anonymous_466)
FNDA:0,y
FNDA:0,xe
FNDA:0,on
FNDA:0,rn
FNDA:0,ge
FNDA:0,Ds
FNDA:0,He
FNDA:0,_s
FNDA:0,Ts
FNDA:0,Ns
FNDA:0,Oi
FNDA:0,We
FNDA:0,Ls
FNDA:4,ki
FNDA:0,Dc
FNDA:0,_c
FNDA:0,Et
FNDA:0,sn
FNDA:0,Fs
FNDA:0,Di
FNDA:0,Rs
FNDA:0,Nc
FNDA:0,Lc
FNDA:0,Fc
FNDA:0,Mc
FNDA:0,$c
FNDA:0,qc
FNDA:0,Vc
FNDA:0,jc
FNDA:0,Bc
FNDA:0,Uc
FNDA:0,Qc
FNDA:0,Gc
FNDA:2,Jc
FNDA:0,Hc
FNDA:0,Wc
FNDA:2,Ms
FNDA:4,i
FNDA:0,Kc
FNDA:0,Yc
FNDA:0,zc
FNDA:0,Zc
FNDA:5,Cs
FNDA:0,Xc
FNDA:0,ep
FNDA:0,tp
FNDA:0,rp
FNDA:0,np
FNDA:0,ip
FNDA:0,op
FNDA:0,sp
FNDA:0,ap
FNDA:0,lp
FNDA:0,up
FNDA:0,cp
FNDA:0,pp
FNDA:0,dp
FNDA:0,mp
FNDA:0,fp
FNDA:0,gp
FNDA:0,hp
FNDA:0,yp
FNDA:0,Ep
FNDA:3,bt
FNDA:1,bp
FNDA:0,wp
FNDA:0,wt
FNDA:1,xt
FNDA:0,an
FNDA:1,vt
FNDA:0,(anonymous_537)
FNDA:0,(anonymous_538)
FNDA:0,(anonymous_539)
FNDA:0,(anonymous_540)
FNDA:0,(anonymous_541)
FNDA:318,(anonymous_542)
FNDA:166,(anonymous_543)
FNDA:160,e
FNDA:24,(anonymous_545)
FNDA:4,(anonymous_546)
FNDA:2,(anonymous_547)
FNDA:158,(anonymous_548)
FNDA:50,e
FNDA:0,(anonymous_550)
FNDA:0,(anonymous_551)
FNDA:0,(anonymous_552)
FNDA:0,(anonymous_553)
FNDA:0,(anonymous_554)
FNDA:0,ye
FNDA:0,(anonymous_556)
FNDA:0,(anonymous_557)
FNDA:0,Pp
FNDA:0,qs
FNDA:0,Tp
FNDA:0,(anonymous_561)
FNDA:0,js
FNDA:0,(anonymous_563)
FNDA:0,(anonymous_564)
FNDA:0,(anonymous_565)
FNDA:0,(anonymous_566)
FNDA:0,(anonymous_567)
FNDA:0,(anonymous_568)
FNDA:0,(anonymous_569)
FNDA:0,(anonymous_570)
FNDA:0,(anonymous_571)
FNDA:0,(anonymous_572)
FNDA:0,(anonymous_573)
FNDA:0,(anonymous_574)
FNDA:0,(anonymous_575)
FNDA:0,(anonymous_576)
FNDA:0,(anonymous_577)
FNDA:0,(anonymous_578)
FNDA:0,(anonymous_579)
FNDA:0,(anonymous_580)
FNDA:0,(anonymous_581)
FNDA:0,(anonymous_582)
FNDA:0,Sp
FNDA:0,Ap
FNDA:0,(anonymous_585)
FNDA:0,(anonymous_586)
FNDA:0,(anonymous_587)
FNDA:0,Ip
FNDA:0,Op
FNDA:0,kp
FNDA:0,Dp
FNDA:0,cn
FNDA:0,Hs
FNDA:0,(anonymous_594)
FNDA:0,Ws
FNDA:0,(anonymous_596)
FNDA:0,_p
FNDA:0,Np
FNDA:0,Lp
FNDA:0,(anonymous_600)
FNDA:0,Gs
FNDA:0,Js
FNDA:0,(anonymous_603)
FNDA:0,(anonymous_604)
FNDA:0,(anonymous_605)
FNDA:0,(anonymous_606)
FNDA:0,(anonymous_607)
FNDA:0,(anonymous_608)
FNDA:0,(anonymous_609)
FNDA:0,(anonymous_610)
FNDA:0,(anonymous_611)
FNDA:0,(anonymous_612)
FNDA:0,(anonymous_613)
FNDA:0,(anonymous_614)
FNDA:0,(anonymous_615)
FNDA:0,(anonymous_616)
FNDA:0,(anonymous_617)
FNDA:0,(anonymous_618)
FNDA:0,(anonymous_619)
FNDA:0,(anonymous_620)
FNDA:0,(anonymous_621)
FNDA:0,(anonymous_622)
FNDA:0,(anonymous_623)
FNDA:0,(anonymous_624)
FNDA:0,(anonymous_625)
FNDA:0,(anonymous_626)
FNDA:0,(anonymous_627)
FNDA:0,(anonymous_628)
FNDA:0,(anonymous_629)
FNDA:0,(anonymous_630)
FNDA:0,(anonymous_631)
FNDA:0,(anonymous_632)
FNDA:0,(anonymous_633)
FNDA:0,(anonymous_634)
FNDA:0,(anonymous_635)
FNDA:0,(anonymous_636)
FNDA:0,(anonymous_637)
FNDA:0,(anonymous_638)
FNDA:0,(anonymous_639)
FNDA:0,(anonymous_640)
FNDA:0,(anonymous_641)
FNDA:0,(anonymous_642)
FNDA:0,(anonymous_643)
FNDA:0,(anonymous_644)
FNDA:0,(anonymous_645)
FNDA:0,(anonymous_646)
FNDA:0,(anonymous_647)
FNDA:0,(anonymous_648)
FNDA:0,(anonymous_649)
FNDA:0,(anonymous_650)
FNDA:0,(anonymous_651)
FNDA:0,(anonymous_652)
FNDA:0,(anonymous_653)
FNDA:0,(anonymous_654)
FNDA:0,(anonymous_655)
FNDA:0,(anonymous_656)
FNDA:0,(anonymous_657)
FNDA:0,(anonymous_658)
FNDA:0,(anonymous_659)
FNDA:0,(anonymous_660)
FNDA:0,(anonymous_661)
FNDA:0,(anonymous_662)
FNDA:0,(anonymous_663)
FNDA:0,(anonymous_664)
FNDA:0,(anonymous_665)
FNDA:0,(anonymous_666)
FNDA:0,(anonymous_667)
FNDA:0,(anonymous_668)
FNDA:0,(anonymous_669)
FNDA:0,(anonymous_670)
FNDA:0,(anonymous_671)
FNDA:0,(anonymous_672)
FNDA:0,(anonymous_673)
FNDA:0,(anonymous_674)
FNDA:0,(anonymous_675)
FNDA:0,(anonymous_676)
FNDA:0,pn
FNDA:0,Mp
FNDA:0,(anonymous_679)
FNDA:0,$p
FNDA:0,(anonymous_681)
FNDA:0,qp
FNDA:0,(anonymous_683)
FNDA:0,Vp
FNDA:0,(anonymous_685)
FNDA:0,jp
FNDA:0,(anonymous_687)
FNDA:0,Bp
FNDA:0,(anonymous_689)
FNDA:0,Up
FNDA:0,(anonymous_691)
FNDA:0,Qp
FNDA:0,(anonymous_693)
FNDA:0,Gp
FNDA:0,(anonymous_695)
FNDA:0,(anonymous_696)
FNDA:0,Jp
FNDA:0,(anonymous_698)
FNDA:0,(anonymous_699)
FNDA:0,zs
FNDA:0,Hp
FNDA:0,(anonymous_702)
FNDA:0,Zs
FNDA:0,Wp
FNDA:0,(anonymous_705)
FNDA:0,(anonymous_706)
FNDA:0,Kp
FNDA:0,(anonymous_708)
FNDA:0,(anonymous_709)
FNDA:0,Yp
FNDA:0,(anonymous_711)
FNDA:0,zp
FNDA:0,(anonymous_713)
FNDA:0,(anonymous_714)
FNDA:0,Zp
FNDA:0,(anonymous_716)
FNDA:0,(anonymous_717)
FNDA:0,Xs
FNDA:0,Xp
FNDA:0,ed
FNDA:0,td
FNDA:0,ea
FNDA:0,ta
FNDA:0,ir
FNDA:0,or
FNDA:0,gn
FNDA:0,nd
FNDA:0,ra
FNDA:0,(anonymous_729)
FNDA:0,(anonymous_730)
FNDA:1,St
FNDA:6,(anonymous_732)
FNDA:6,(anonymous_733)
FNDA:0,(anonymous_734)
FNDA:0,(anonymous_735)
FNDA:6,Li
FNDA:0,(anonymous_737)
FNDA:0,(anonymous_738)
FNDA:0,(anonymous_739)
FNDA:0,(anonymous_740)
FNDA:0,(anonymous_741)
FNDA:0,(anonymous_742)
FNDA:0,(anonymous_743)
FNDA:0,(anonymous_744)
FNDA:0,(anonymous_745)
FNDA:0,At
FNDA:0,ia
FNDA:0,oa
FNDA:0,id
FNDA:0,bn
FNDA:0,wn
FNDA:7,(anonymous_752)
FNDA:0,(anonymous_753)
FNDA:2,(anonymous_754)
FNDA:2,(anonymous_755)
FNDA:2,pr
FNDA:0,(anonymous_757)
FNDA:7,Re
FNDA:7,(anonymous_759)
FNDA:0,aa
FNDA:0,od
FNDA:0,(anonymous_762)
FNDA:0,(anonymous_763)
FNDA:0,(anonymous_764)
FNDA:0,(anonymous_765)
FNDA:0,sa
FNDA:0,(anonymous_767)
FNDA:0,(anonymous_768)
FNDA:0,sd
FNDA:0,(anonymous_770)
FNDA:0,la
FNDA:2,ua
FNDA:0,(anonymous_773)
FNDA:0,(anonymous_774)
FNDA:0,(anonymous_775)
FNDA:0,(anonymous_776)
FNDA:0,(anonymous_777)
FNDA:0,(anonymous_778)
FNDA:0,(anonymous_779)
FNDA:0,(anonymous_780)
FNDA:0,(anonymous_781)
FNDA:0,(anonymous_782)
FNDA:0,(anonymous_783)
FNDA:5,(anonymous_784)
FNDA:5,(anonymous_785)
FNDA:0,(anonymous_786)
FNDA:4,(anonymous_787)
FNDA:0,(anonymous_788)
FNDA:2,(anonymous_789)
FNDA:5,(anonymous_790)
FNDA:2,(anonymous_791)
FNDA:0,(anonymous_792)
FNDA:0,(anonymous_793)
FNDA:2,(anonymous_794)
FNDA:0,(anonymous_795)
FNDA:2,Ce
FNDA:2,Pn
FNDA:2,mr
FNDA:2,ld
FNDA:2,ud
FNDA:0,cd
FNDA:2,pd
FNDA:0,dd
FNDA:2,da
FNDA:3,ma
FNDA:0,md
FNDA:1,fd
FNDA:1,gd
FNDA:0,$i
FNDA:4,(anonymous_810)
FNDA:0,(anonymous_811)
FNDA:0,(anonymous_812)
FNDA:0,(anonymous_813)
FNDA:0,(anonymous_814)
FNDA:0,(anonymous_815)
FNDA:0,(anonymous_816)
FNDA:2,(anonymous_817)
FNDA:0,(anonymous_818)
FNDA:2,(anonymous_819)
FNDA:0,(anonymous_820)
FNDA:0,(anonymous_821)
FNDA:0,(anonymous_822)
FNDA:2,(anonymous_823)
FNDA:2,(anonymous_824)
FNDA:2,(anonymous_825)
FNDA:5,(anonymous_826)
FNDA:0,(anonymous_827)
FNDA:0,(anonymous_828)
FNDA:0,fa
FNDA:0,qi
FNDA:2,ga
FNDA:0,(anonymous_832)
FNDA:0,(anonymous_833)
FNDA:0,hd
FNDA:0,Vi
FNDA:0,(anonymous_836)
FNDA:0,(anonymous_837)
FNDA:0,(anonymous_838)
FNDA:0,(anonymous_839)
FNDA:0,ha
FNDA:0,(anonymous_841)
FNDA:0,ya
FNDA:0,fr
FNDA:0,(anonymous_844)
FNDA:0,(anonymous_845)
FNDA:0,(anonymous_846)
FNDA:0,(anonymous_847)
FNDA:0,(anonymous_848)
FNDA:0,(anonymous_849)
FNDA:0,(anonymous_850)
FNDA:0,(anonymous_851)
FNDA:0,(anonymous_852)
FNDA:0,(anonymous_853)
FNDA:0,(anonymous_854)
FNDA:0,(anonymous_855)
FNDA:0,Se
FNDA:0,(anonymous_857)
FNDA:0,bd
FNDA:0,(anonymous_859)
FNDA:2,(anonymous_860)
FNDA:0,(anonymous_861)
FNDA:0,(anonymous_862)
FNDA:0,(anonymous_863)
FNDA:0,(anonymous_864)
FNDA:0,(anonymous_865)
FNDA:0,Ea
FNDA:2,Gi
FNDA:0,Ji
FNDA:2,gr
FNDA:2,(anonymous_870)
FNDA:0,(anonymous_871)
FNDA:18,ie
FNDA:18,(anonymous_873)
FNDA:0,(anonymous_874)
FNDA:7,ot
FNDA:7,(anonymous_876)
FNDA:2,(anonymous_877)
FNDA:2,(anonymous_878)
FNDA:0,(anonymous_879)
FNDA:1,Cn
FNDA:0,(anonymous_881)
FNDA:0,(anonymous_882)
FNDA:0,(anonymous_883)
FNDA:0,(anonymous_884)
FNDA:0,(anonymous_885)
FNDA:7,Ae
FNDA:6,(anonymous_887)
FNDA:0,(anonymous_888)
FNDA:0,(anonymous_889)
FNDA:7,(anonymous_890)
FNDA:0,(anonymous_891)
FNDA:0,(anonymous_892)
FNDA:0,(anonymous_893)
FNDA:0,(anonymous_894)
FNDA:7,wd
FNDA:0,xa
FNDA:0,(anonymous_897)
FNDA:0,kt
FNDA:0,(anonymous_899)
FNDA:0,(anonymous_900)
FNDA:0,(anonymous_901)
FNDA:0,Dt
FNDA:0,va
FNDA:0,_t
FNDA:0,vd
FNDA:0,Pa
FNDA:0,(anonymous_907)
FNDA:0,Rd
FNDA:0,Sd
FNDA:0,Od
FNDA:0,Dd
FNDA:0,Nd
FNDA:0,(anonymous_913)
FNDA:3,(anonymous_914)
FNDA:0,(anonymous_915)
FNDA:0,(anonymous_916)
FNDA:3,Ze
FNDA:0,Nt
FNDA:0,(anonymous_919)
FNDA:0,Fd
FNDA:0,Sn
FNDA:0,(anonymous_922)
FNDA:0,Ra
FNDA:0,Md
FNDA:0,$d
FNDA:0,(anonymous_926)
FNDA:0,(anonymous_927)
FNDA:0,Ca
FNDA:0,qd
FNDA:0,Vd
FNDA:0,(anonymous_931)
FNDA:0,(anonymous_932)
FNDA:0,Sa
FNDA:0,Aa
FNDA:0,(anonymous_935)
FNDA:0,(anonymous_936)
FNDA:0,(anonymous_937)
FNDA:0,Ia
FNDA:0,(anonymous_939)
FNDA:0,(anonymous_940)
FNDA:0,(anonymous_941)
FNDA:2,(anonymous_942)
FNDA:2,(anonymous_943)
FNDA:0,(anonymous_944)
FNDA:0,(anonymous_945)
FNDA:0,(anonymous_946)
FNDA:1,jd
FNDA:1,Bd
FNDA:1,Yi
FNDA:9,(anonymous_950)
FNDA:1,(anonymous_951)
FNDA:1,(anonymous_952)
FNDA:1,Ud
FNDA:9,(anonymous_954)
FNDA:0,(anonymous_955)
FNDA:2,zi
FNDA:0,(anonymous_957)
FNDA:0,(anonymous_958)
FNDA:0,(anonymous_959)
FNDA:2,Jd
FNDA:2,(anonymous_961)
FNDA:2,(anonymous_962)
FNDA:2,(anonymous_963)
FNDA:2,(anonymous_964)
FNDA:2,(anonymous_965)
FNDA:1,Hd
FNDA:2,Wd
FNDA:0,(anonymous_968)
FNDA:2,Da
FNDA:2,(anonymous_970)
FNDA:5,yr
FNDA:0,(anonymous_972)
FNDA:0,(anonymous_973)
FNDA:5,Kd
FNDA:5,(anonymous_975)
FNDA:2,(anonymous_976)
FNDA:0,(anonymous_977)
FNDA:0,_a
FNDA:0,Na
FNDA:0,La
FNDA:0,(anonymous_981)
FNDA:0,(anonymous_982)
FNDA:0,Yd
FNDA:0,(anonymous_984)
FNDA:0,zd
FNDA:0,(anonymous_986)
FNDA:0,An
FNDA:0,Fa
FNDA:0,(anonymous_989)
FNDA:2,Ma
FNDA:0,(anonymous_991)
FNDA:0,$a
FNDA:0,Zd
FNDA:0,Er
FNDA:0,Va
FNDA:0,(anonymous_996)
FNDA:0,(anonymous_997)
FNDA:2,ja
FNDA:5,Ba
FNDA:0,(anonymous_1000)
FNDA:0,Ua
FNDA:0,(anonymous_1002)
FNDA:0,(anonymous_1003)
FNDA:0,(anonymous_1004)
FNDA:0,Qa
FNDA:0,(anonymous_1006)
FNDA:5,Ha
FNDA:5,Wa
FNDA:0,Ka
FNDA:0,In
FNDA:0,On
FNDA:0,rm
FNDA:0,Xe
FNDA:0,et
FNDA:0,(anonymous_1015)
FNDA:0,Ya
FNDA:0,kn
FNDA:0,Dn
FNDA:0,za
FNDA:0,Za
FNDA:0,(anonymous_1021)
FNDA:0,Xa
FNDA:0,(anonymous_1023)
FNDA:5,tl
FNDA:0,(anonymous_1025)
FNDA:0,(anonymous_1026)
FNDA:5,om
FNDA:5,rl
FNDA:0,nl
FNDA:0,(anonymous_1030)
FNDA:0,il
FNDA:0,(anonymous_1032)
FNDA:0,sl
FNDA:0,al
FNDA:5,Lt
FNDA:0,(anonymous_1036)
FNDA:0,(anonymous_1037)
FNDA:0,(anonymous_1038)
FNDA:0,S
FNDA:0,(anonymous_1040)
FNDA:0,(anonymous_1041)
FNDA:0,(anonymous_1042)
FNDA:0,(anonymous_1043)
FNDA:0,(anonymous_1044)
FNDA:0,(anonymous_1045)
FNDA:0,(anonymous_1046)
FNDA:0,(anonymous_1047)
FNDA:0,(anonymous_1048)
FNDA:0,(anonymous_1049)
FNDA:0,(anonymous_1050)
FNDA:0,(anonymous_1051)
FNDA:0,(anonymous_1052)
FNDA:0,(anonymous_1053)
FNDA:0,(anonymous_1054)
FNDA:0,(anonymous_1055)
FNDA:0,lm
FNDA:0,Or
FNDA:0,$t
FNDA:0,ll
FNDA:0,(anonymous_1060)
FNDA:0,(anonymous_1061)
FNDA:0,ul
FNDA:0,cl
FNDA:0,(anonymous_1064)
FNDA:0,um
FNDA:0,so
FNDA:0,(anonymous_1067)
FNDA:0,ut
FNDA:0,(anonymous_1069)
FNDA:0,dm
FNDA:0,ml
FNDA:0,mm
FNDA:0,(anonymous_1073)
FNDA:0,(anonymous_1074)
FNDA:0,(anonymous_1075)
FNDA:0,(anonymous_1076)
FNDA:0,(anonymous_1077)
FNDA:0,(anonymous_1078)
FNDA:0,(anonymous_1079)
FNDA:0,(anonymous_1080)
FNDA:0,(anonymous_1081)
FNDA:0,(anonymous_1082)
FNDA:0,(anonymous_1083)
FNDA:0,(anonymous_1084)
FNDA:0,(anonymous_1085)
FNDA:0,(anonymous_1086)
FNDA:0,(anonymous_1087)
FNDA:0,(anonymous_1088)
FNDA:0,(anonymous_1089)
FNDA:0,(anonymous_1090)
FNDA:0,(anonymous_1091)
FNDA:0,(anonymous_1092)
FNDA:0,(anonymous_1093)
FNDA:0,(anonymous_1094)
FNDA:0,(anonymous_1095)
FNDA:0,(anonymous_1096)
FNDA:0,(anonymous_1097)
FNDA:0,(anonymous_1098)
FNDA:0,(anonymous_1099)
FNDA:0,(anonymous_1100)
FNDA:0,(anonymous_1101)
FNDA:0,gl
FNDA:5,fm
FNDA:5,gm
FNDA:5,(anonymous_1105)
FNDA:5,(anonymous_1106)
FNDA:0,(anonymous_1107)
FNDA:0,(anonymous_1108)
FNDA:0,(anonymous_1109)
FNDA:0,(anonymous_1110)
FNDA:0,(anonymous_1111)
FNDA:0,ym
FNDA:0,Em
FNDA:5,wm
FNDA:5,(anonymous_1115)
FNDA:5,(anonymous_1116)
FNDA:30,(anonymous_1117)
FNDA:5,(anonymous_1118)
FNDA:0,(anonymous_1119)
FNDA:0,(anonymous_1120)
FNDA:5,(anonymous_1121)
FNDA:5,(anonymous_1122)
FNDA:5,(anonymous_1123)
FNDA:5,(anonymous_1124)
FNDA:2,(anonymous_1125)
FNDA:5,(anonymous_1126)
FNDA:0,(anonymous_1127)
FNDA:0,(anonymous_1128)
FNDA:0,(anonymous_1129)
FNDA:0,(anonymous_1130)
FNDA:0,(anonymous_1131)
FNDA:2,(anonymous_1132)
FNDA:2,(anonymous_1133)
FNDA:1,(anonymous_1134)
FNDA:1,(anonymous_1135)
FNDA:1,(anonymous_1136)
FNDA:5,(anonymous_1137)
FNDA:0,(anonymous_1138)
FNDA:2,(anonymous_1139)
FNDA:0,(anonymous_1140)
FNDA:0,(anonymous_1141)
FNDA:0,(anonymous_1142)
FNDA:0,(anonymous_1143)
FNDA:0,(anonymous_1144)
FNDA:0,xm
FNDA:0,mo
FNDA:5,wl
FNDA:5,Ln
FNDA:0,(anonymous_1149)
FNDA:0,(anonymous_1150)
FNDA:0,(anonymous_1151)
FNDA:0,qt
FNDA:0,Pl
FNDA:0,(anonymous_1154)
FNDA:0,Rl
FNDA:0,(anonymous_1156)
FNDA:0,vm
FNDA:0,Cl
FNDA:0,Tl
FNDA:0,fo
FNDA:0,(anonymous_1161)
FNDA:0,(anonymous_1162)
FNDA:0,(anonymous_1163)
FNDA:0,(anonymous_1164)
FNDA:0,(anonymous_1165)
FNDA:0,(anonymous_1166)
FNDA:5,ho
FNDA:2,(anonymous_1168)
FNDA:2,(anonymous_1169)
FNDA:2,(anonymous_1170)
FNDA:0,(anonymous_1171)
FNDA:0,(anonymous_1172)
FNDA:0,(anonymous_1173)
FNDA:2,kl
FNDA:10,(anonymous_1175)
FNDA:5,(anonymous_1176)
FNDA:0,(anonymous_1177)
FNDA:4,(anonymous_1178)
FNDA:22,(anonymous_1179)
FNDA:10,(anonymous_1180)
FNDA:5,(anonymous_1181)
FNDA:0,(anonymous_1182)
FNDA:4,(anonymous_1183)
FNDA:22,(anonymous_1184)
FNDA:41,(anonymous_1185)
FNDA:5,Dl
FNDA:0,_l
FNDA:0,(anonymous_1188)
FNDA:0,(anonymous_1189)
FNDA:0,(anonymous_1190)
FNDA:0,Nl
FNDA:0,(anonymous_1192)
FNDA:5,(anonymous_1193)
FNDA:0,(anonymous_1194)
FNDA:2,(anonymous_1195)
FNDA:0,(anonymous_1196)
FNDA:0,(anonymous_1197)
FNDA:0,Mn
FNDA:2,Ll
FNDA:3,Eo
FNDA:4,(anonymous_1201)
FNDA:2,bo
FNDA:5,(anonymous_1203)
FNDA:2,(anonymous_1204)
FNDA:1,(anonymous_1205)
FNDA:1,(anonymous_1206)
FNDA:1,(anonymous_1207)
FNDA:1,(anonymous_1208)
FNDA:0,(anonymous_1209)
FNDA:0,(anonymous_1210)
FNDA:0,(anonymous_1211)
FNDA:0,(anonymous_1212)
FNDA:0,(anonymous_1213)
FNDA:0,(anonymous_1214)
FNDA:0,ct
FNDA:0,(anonymous_1216)
FNDA:0,(anonymous_1217)
FNDA:0,(anonymous_1218)
FNDA:0,(anonymous_1219)
FNDA:0,(anonymous_1220)
FNDA:0,(anonymous_1221)
FNDA:0,qn
FNDA:0,Sm
FNDA:5,(anonymous_1224)
FNDA:0,(anonymous_1225)
FNDA:0,(anonymous_1226)
FNDA:0,(anonymous_1227)
FNDA:0,(anonymous_1228)
FNDA:2,(anonymous_1229)
FNDA:2,(anonymous_1230)
FNDA:0,(anonymous_1231)
FNDA:2,(anonymous_1232)
FNDA:2,(anonymous_1233)
FNDA:0,(anonymous_1234)
FNDA:0,(anonymous_1235)
FNDA:0,(anonymous_1236)
FNDA:2,(anonymous_1237)
FNDA:0,(anonymous_1238)
FNDA:0,(anonymous_1239)
FNDA:0,Im
FNDA:0,Ml
FNDA:0,Om
FNDA:0,km
FNDA:0,$l
FNDA:0,(anonymous_1245)
FNDA:0,(anonymous_1246)
FNDA:4,(anonymous_1247)
FNDA:0,(anonymous_1248)
FNDA:0,(anonymous_1249)
FNDA:0,(anonymous_1250)
FNDA:0,(anonymous_1251)
FNDA:0,t
FNDA:0,(anonymous_1253)
FNDA:0,(anonymous_1254)
FNDA:0,(anonymous_1255)
FNDA:0,(anonymous_1256)
FNDA:0,(anonymous_1257)
FNDA:4,Jl
FNDA:0,Vt
FNDA:0,Nm
FNDA:0,(anonymous_1261)
FNDA:0,(anonymous_1262)
FNDA:0,Lm
FNDA:0,Ql
FNDA:0,(anonymous_1265)
FNDA:0,Fm
FNDA:0,(anonymous_1267)
FNDA:0,(anonymous_1268)
FNDA:0,(anonymous_1269)
FNDA:0,(anonymous_1270)
FNDA:0,Hl
FNDA:0,(anonymous_1272)
FNDA:0,(anonymous_1273)
FNDA:0,(anonymous_1274)
FNDA:0,(anonymous_1275)
FNDA:0,(anonymous_1276)
FNDA:2,(anonymous_1277)
FNDA:2,(anonymous_1278)
FNDA:0,(anonymous_1279)
FNDA:2,Xl
FNDA:5,(anonymous_1281)
FNDA:0,(anonymous_1282)
FNDA:0,(anonymous_1283)
FNDA:0,(anonymous_1284)
FNDA:0,(anonymous_1285)
FNDA:0,(anonymous_1286)
FNDA:0,(anonymous_1287)
FNDA:0,(anonymous_1288)
FNDA:1,(anonymous_1289)
FNDA:0,(anonymous_1290)
FNDA:0,(anonymous_1291)
FNDA:0,(anonymous_1292)
FNDA:0,(anonymous_1293)
FNDA:0,(anonymous_1294)
FNDA:0,(anonymous_1295)
FNDA:0,(anonymous_1296)
FNDA:0,(anonymous_1297)
FNDA:0,(anonymous_1298)
FNDA:0,(anonymous_1299)
FNDA:0,(anonymous_1300)
FNDA:0,(anonymous_1301)
FNDA:0,(anonymous_1302)
FNDA:0,(anonymous_1303)
FNDA:0,(anonymous_1304)
FNDA:0,(anonymous_1305)
FNDA:0,(anonymous_1306)
FNDA:0,(anonymous_1307)
FNDA:0,(anonymous_1308)
FNDA:0,(anonymous_1309)
FNDA:0,(anonymous_1310)
FNDA:0,(anonymous_1311)
FNDA:0,(anonymous_1312)
FNDA:0,(anonymous_1313)
FNDA:0,(anonymous_1314)
FNDA:0,(anonymous_1315)
FNDA:2,(anonymous_1316)
FNDA:2,(anonymous_1317)
FNDA:0,(anonymous_1318)
FNDA:0,(anonymous_1319)
FNDA:2,(anonymous_1320)
FNDA:2,(anonymous_1321)
FNDA:2,(anonymous_1322)
FNDA:2,(anonymous_1323)
FNDA:0,(anonymous_1324)
FNDA:0,(anonymous_1325)
FNDA:0,(anonymous_1326)
FNDA:0,Wl
FNDA:0,Vm
FNDA:2,eu
FNDA:0,(anonymous_1330)
FNDA:2,tu
DA:1,1758
DA:2,14
DA:3,93
DA:4,16
DA:5,15
DA:6,5
DA:9,14
DA:10,2
DA:12,0
DA:16,0
DA:18,14
DA:20,0
DA:21,584
DA:22,0
DA:23,0
DA:24,0
DA:25,2
DA:26,2
DA:27,2
DA:28,6
DA:29,63
DA:30,2
DA:31,9
DA:33,5
DA:35,0
DA:36,0
DA:37,0
DA:42,0
DA:43,0
DA:45,0
DA:52,0
DA:57,0
DA:64,5
DA:65,0
DA:66,2
DA:69,0
DA:101,0
DA:110,5
DA:111,30
DA:112,5
DA:113,5
DA:114,5
DA:121,41
DA:122,4
DA:123,4
DA:124,4
DA:125,0
DA:126,4
DA:130,5
DA:131,2
LF:50
LH:32
BRDA:1,0,0,44
BRDA:1,0,1,32
BRDA:1,1,0,60
BRDA:1,1,1,0
BRDA:1,2,0,60
BRDA:1,2,1,60
BRDA:1,2,2,18
BRDA:1,3,0,1758
BRDA:1,3,1,1756
BRDA:1,3,2,1756
BRDA:1,4,0,1756
BRDA:1,4,1,1756
BRDA:1,5,0,58
BRDA:1,5,1,0
BRDA:1,6,0,54
BRDA:1,6,1,4
BRDA:1,7,0,58
BRDA:1,7,1,58
BRDA:1,7,2,58
BRDA:1,8,0,0
BRDA:1,8,1,0
BRDA:1,9,0,0
BRDA:1,9,1,0
BRDA:1,10,0,0
BRDA:1,10,1,0
BRDA:1,11,0,0
BRDA:1,11,1,0
BRDA:1,12,0,0
BRDA:1,12,1,0
BRDA:1,13,0,0
BRDA:1,13,1,0
BRDA:1,14,0,0
BRDA:1,14,1,0
BRDA:1,15,0,0
BRDA:1,16,0,0
BRDA:1,17,0,0
BRDA:1,18,0,0
BRDA:1,19,0,0
BRDA:1,19,1,2
BRDA:1,20,0,0
BRDA:1,20,1,2
BRDA:1,21,0,0
BRDA:1,21,1,0
BRDA:1,22,0,0
BRDA:1,22,1,0
BRDA:1,23,0,2
BRDA:1,23,1,0
BRDA:1,24,0,0
BRDA:1,25,0,0
BRDA:1,25,1,0
BRDA:1,26,0,0
BRDA:1,26,1,0
BRDA:1,27,0,0
BRDA:1,27,1,0
BRDA:1,28,0,0
BRDA:1,29,0,0
BRDA:1,30,0,0
BRDA:1,30,1,0
BRDA:1,31,0,0
BRDA:1,31,1,0
BRDA:1,31,2,0
BRDA:1,32,0,0
BRDA:1,32,1,0
BRDA:1,32,2,0
BRDA:1,33,0,0
BRDA:1,33,1,0
BRDA:1,34,0,0
BRDA:1,34,1,0
BRDA:1,35,0,0
BRDA:1,35,1,0
BRDA:1,36,0,72
BRDA:1,37,0,0
BRDA:1,37,1,72
BRDA:1,38,0,0
BRDA:1,38,1,72
BRDA:1,39,0,72
BRDA:1,39,1,0
BRDA:1,39,2,0
BRDA:1,40,0,0
BRDA:1,40,1,2
BRDA:1,41,0,2
BRDA:1,41,1,2
BRDA:1,41,2,2
BRDA:1,41,3,2
BRDA:1,42,0,2
BRDA:1,42,1,2
BRDA:1,42,2,2
BRDA:1,42,3,2
BRDA:1,42,4,0
BRDA:1,43,0,2
BRDA:1,43,1,2
BRDA:1,44,0,0
BRDA:1,44,1,2
BRDA:1,45,0,0
BRDA:1,45,1,2
BRDA:1,46,0,0
BRDA:1,46,1,2
BRDA:1,47,0,0
BRDA:1,47,1,8
BRDA:1,48,0,0
BRDA:1,48,1,8
BRDA:1,49,0,0
BRDA:1,49,1,8
BRDA:1,50,0,8
BRDA:1,50,1,8
BRDA:1,50,2,8
BRDA:1,51,0,0
BRDA:1,51,1,8
BRDA:1,52,0,0
BRDA:1,52,1,8
BRDA:1,53,0,8
BRDA:1,53,1,8
BRDA:1,53,2,8
BRDA:1,54,0,8
BRDA:1,54,1,0
BRDA:1,55,0,0
BRDA:1,55,1,8
BRDA:1,56,0,8
BRDA:1,56,1,0
BRDA:1,57,0,8
BRDA:1,57,1,0
BRDA:1,58,0,8
BRDA:1,58,1,8
BRDA:1,59,0,8
BRDA:1,59,1,0
BRDA:1,60,0,0
BRDA:1,60,1,0
BRDA:1,61,0,0
BRDA:1,61,1,0
BRDA:1,62,0,0
BRDA:1,62,1,0
BRDA:1,63,0,0
BRDA:1,63,1,0
BRDA:1,64,0,0
BRDA:1,64,1,0
BRDA:1,65,0,0
BRDA:1,65,1,0
BRDA:1,66,0,0
BRDA:1,66,1,0
BRDA:1,67,0,0
BRDA:1,67,1,0
BRDA:1,68,0,0
BRDA:1,68,1,0
BRDA:1,69,0,0
BRDA:1,69,1,0
BRDA:1,70,0,0
BRDA:1,70,1,0
BRDA:1,71,0,0
BRDA:1,71,1,0
BRDA:1,72,0,0
BRDA:1,72,1,0
BRDA:1,73,0,4
BRDA:1,73,1,4
BRDA:1,74,0,0
BRDA:1,74,1,0
BRDA:1,75,0,0
BRDA:1,75,1,0
BRDA:1,76,0,0
BRDA:1,76,1,4
BRDA:1,77,0,0
BRDA:1,77,1,0
BRDA:1,78,0,0
BRDA:1,78,1,4
BRDA:1,79,0,4
BRDA:1,79,1,4
BRDA:1,79,2,4
BRDA:1,79,3,4
BRDA:1,80,0,0
BRDA:1,80,1,4
BRDA:1,81,0,4
BRDA:1,81,1,4
BRDA:1,81,2,4
BRDA:1,82,0,4
BRDA:1,82,1,0
BRDA:1,83,0,4
BRDA:1,83,1,4
BRDA:1,83,2,4
BRDA:1,83,3,0
BRDA:1,83,4,0
BRDA:1,83,5,0
BRDA:1,84,0,0
BRDA:1,84,1,0
BRDA:1,85,0,0
BRDA:1,85,1,0
BRDA:1,85,2,0
BRDA:1,86,0,0
BRDA:1,86,1,0
BRDA:1,87,0,0
BRDA:1,87,1,0
BRDA:1,87,2,0
BRDA:1,88,0,0
BRDA:1,88,1,0
BRDA:1,89,0,0
BRDA:1,89,1,0
BRDA:1,90,0,0
BRDA:1,90,1,0
BRDA:1,91,0,0
BRDA:1,92,0,0
BRDA:1,93,0,0
BRDA:1,93,1,0
BRDA:1,94,0,0
BRDA:1,94,1,0
BRDA:1,95,0,0
BRDA:1,95,1,0
BRDA:1,96,0,0
BRDA:1,97,0,0
BRDA:2,98,0,14
BRDA:2,98,1,0
BRDA:2,99,0,14
BRDA:2,99,1,14
BRDA:3,100,0,0
BRDA:3,100,1,0
BRDA:3,101,0,0
BRDA:3,101,1,0
BRDA:3,102,0,0
BRDA:3,102,1,7
BRDA:3,103,0,7
BRDA:3,103,1,7
BRDA:3,103,2,0
BRDA:3,104,0,0
BRDA:3,104,1,7
BRDA:3,105,0,7
BRDA:3,105,1,0
BRDA:3,106,0,0
BRDA:3,106,1,0
BRDA:3,107,0,0
BRDA:3,107,1,0
BRDA:3,108,0,0
BRDA:3,108,1,0
BRDA:3,109,0,0
BRDA:3,109,1,0
BRDA:3,110,0,0
BRDA:3,110,1,0
BRDA:3,111,0,0
BRDA:3,111,1,0
BRDA:3,111,2,0
BRDA:3,112,0,0
BRDA:3,112,1,0
BRDA:3,113,0,0
BRDA:3,113,1,0
BRDA:3,114,0,0
BRDA:3,114,1,0
BRDA:3,115,0,0
BRDA:3,115,1,0
BRDA:3,116,0,0
BRDA:3,116,1,0
BRDA:3,117,0,0
BRDA:3,117,1,7
BRDA:3,118,0,0
BRDA:3,118,1,0
BRDA:3,118,2,0
BRDA:3,119,0,7
BRDA:3,119,1,7
BRDA:3,120,0,0
BRDA:3,120,1,7
BRDA:3,121,0,7
BRDA:3,121,1,7
BRDA:3,122,0,7
BRDA:3,122,1,0
BRDA:3,123,0,7
BRDA:3,123,1,0
BRDA:3,124,0,7
BRDA:3,124,1,7
BRDA:3,125,0,7
BRDA:3,125,1,0
BRDA:3,126,0,0
BRDA:3,126,1,0
BRDA:3,127,0,7
BRDA:3,127,1,7
BRDA:3,127,2,0
BRDA:3,128,0,0
BRDA:3,128,1,7
BRDA:3,129,0,7
BRDA:3,129,1,0
BRDA:3,130,0,0
BRDA:3,130,1,0
BRDA:3,131,0,0
BRDA:3,131,1,0
BRDA:3,132,0,0
BRDA:3,132,1,0
BRDA:3,133,0,0
BRDA:3,133,1,0
BRDA:3,134,0,0
BRDA:3,135,0,14
BRDA:3,135,1,14
BRDA:3,136,0,14
BRDA:3,136,1,14
BRDA:3,137,0,0
BRDA:3,137,1,14
BRDA:3,138,0,14
BRDA:3,138,1,14
BRDA:3,139,0,14
BRDA:3,139,1,0
BRDA:3,140,0,14
BRDA:3,140,1,0
BRDA:3,141,0,0
BRDA:3,141,1,0
BRDA:3,142,0,0
BRDA:3,142,1,0
BRDA:3,143,0,0
BRDA:3,143,1,0
BRDA:3,144,0,0
BRDA:3,145,0,0
BRDA:3,145,1,0
BRDA:3,146,0,0
BRDA:3,146,1,0
BRDA:3,147,0,0
BRDA:3,147,1,0
BRDA:3,148,0,0
BRDA:3,148,1,0
BRDA:3,149,0,0
BRDA:3,149,1,0
BRDA:3,150,0,0
BRDA:3,151,0,0
BRDA:3,152,0,0
BRDA:3,152,1,0
BRDA:3,153,0,0
BRDA:3,153,1,0
BRDA:3,154,0,0
BRDA:3,155,0,0
BRDA:3,155,1,0
BRDA:3,156,0,0
BRDA:3,156,1,0
BRDA:3,157,0,0
BRDA:3,157,1,0
BRDA:3,158,0,0
BRDA:3,158,1,0
BRDA:3,159,0,0
BRDA:3,159,1,0
BRDA:3,160,0,0
BRDA:3,160,1,0
BRDA:3,161,0,0
BRDA:3,161,1,0
BRDA:3,162,0,0
BRDA:3,162,1,0
BRDA:3,163,0,0
BRDA:3,163,1,0
BRDA:3,164,0,0
BRDA:3,164,1,0
BRDA:3,165,0,0
BRDA:3,165,1,0
BRDA:3,166,0,0
BRDA:3,166,1,0
BRDA:3,167,0,0
BRDA:3,167,1,0
BRDA:3,168,0,0
BRDA:3,168,1,0
BRDA:3,169,0,0
BRDA:3,169,1,0
BRDA:3,170,0,0
BRDA:3,170,1,0
BRDA:3,171,0,0
BRDA:3,171,1,0
BRDA:3,172,0,0
BRDA:3,172,1,0
BRDA:3,173,0,2
BRDA:3,173,1,2
BRDA:3,174,0,2
BRDA:3,174,1,0
BRDA:3,175,0,2
BRDA:3,175,1,2
BRDA:3,176,0,2
BRDA:3,176,1,2
BRDA:3,176,2,2
BRDA:3,176,3,2
BRDA:3,176,4,2
BRDA:3,176,5,0
BRDA:3,177,0,0
BRDA:3,177,1,17
BRDA:3,178,0,17
BRDA:3,178,1,17
BRDA:3,179,0,0
BRDA:3,179,1,17
BRDA:3,180,0,2
BRDA:3,180,1,0
BRDA:3,181,0,0
BRDA:3,181,1,0
BRDA:3,182,0,0
BRDA:3,182,1,0
BRDA:3,183,0,0
BRDA:3,183,1,0
BRDA:3,184,0,93
BRDA:3,184,1,0
BRDA:3,185,0,93
BRDA:3,185,1,0
BRDA:3,186,0,93
BRDA:3,186,1,0
BRDA:3,187,0,93
BRDA:3,187,1,0
BRDA:3,188,0,93
BRDA:3,188,1,0
BRDA:3,189,0,0
BRDA:3,189,1,0
BRDA:3,190,0,0
BRDA:3,190,1,62
BRDA:3,191,0,62
BRDA:3,191,1,62
BRDA:3,192,0,62
BRDA:3,192,1,0
BRDA:3,193,0,62
BRDA:3,193,1,62
BRDA:3,194,0,0
BRDA:3,194,1,0
BRDA:3,195,0,0
BRDA:3,195,1,0
BRDA:3,196,0,0
BRDA:3,197,0,0
BRDA:3,197,1,0
BRDA:3,198,0,0
BRDA:3,198,1,0
BRDA:3,199,0,0
BRDA:3,199,1,0
BRDA:3,200,0,0
BRDA:3,200,1,0
BRDA:3,201,0,0
BRDA:3,202,0,0
BRDA:3,202,1,0
BRDA:4,203,0,0
BRDA:4,203,1,0
BRDA:4,204,0,0
BRDA:4,204,1,5
BRDA:4,205,0,5
BRDA:4,205,1,5
BRDA:4,206,0,5
BRDA:4,206,1,0
BRDA:4,207,0,5
BRDA:4,207,1,0
BRDA:4,208,0,0
BRDA:4,208,1,5
BRDA:4,209,0,0
BRDA:4,209,1,0
BRDA:4,210,0,0
BRDA:4,210,1,0
BRDA:4,211,0,0
BRDA:4,211,1,0
BRDA:4,212,0,0
BRDA:4,212,1,0
BRDA:4,213,0,0
BRDA:4,213,1,0
BRDA:4,214,0,0
BRDA:4,214,1,0
BRDA:4,215,0,0
BRDA:4,215,1,0
BRDA:4,215,2,0
BRDA:4,216,0,0
BRDA:4,216,1,0
BRDA:4,217,0,0
BRDA:4,217,1,0
BRDA:4,218,0,0
BRDA:4,218,1,0
BRDA:4,219,0,0
BRDA:4,219,1,0
BRDA:4,220,0,0
BRDA:4,220,1,0
BRDA:4,221,0,0
BRDA:4,221,1,0
BRDA:4,222,0,0
BRDA:4,222,1,0
BRDA:4,223,0,0
BRDA:4,223,1,0
BRDA:4,224,0,0
BRDA:4,224,1,0
BRDA:4,225,0,0
BRDA:4,225,1,0
BRDA:4,226,0,0
BRDA:4,226,1,0
BRDA:4,227,0,0
BRDA:4,227,1,0
BRDA:4,228,0,0
BRDA:4,228,1,0
BRDA:4,228,2,0
BRDA:4,228,3,0
BRDA:4,229,0,0
BRDA:4,229,1,0
BRDA:4,230,0,0
BRDA:4,230,1,0
BRDA:4,230,2,0
BRDA:4,230,3,0
BRDA:4,231,0,0
BRDA:4,231,1,0
BRDA:4,232,0,0
BRDA:4,232,1,0
BRDA:4,233,0,0
BRDA:4,233,1,0
BRDA:4,234,0,0
BRDA:4,234,1,0
BRDA:4,235,0,0
BRDA:4,235,1,0
BRDA:4,236,0,0
BRDA:4,236,1,0
BRDA:4,237,0,0
BRDA:4,237,1,0
BRDA:4,238,0,0
BRDA:4,238,1,0
BRDA:4,239,0,0
BRDA:4,239,1,0
BRDA:4,240,0,0
BRDA:4,240,1,0
BRDA:4,241,0,0
BRDA:4,241,1,0
BRDA:4,242,0,0
BRDA:4,242,1,0
BRDA:4,243,0,0
BRDA:4,243,1,0
BRDA:4,244,0,0
BRDA:4,244,1,0
BRDA:4,245,0,0
BRDA:4,245,1,0
BRDA:4,246,0,0
BRDA:4,246,1,0
BRDA:4,247,0,0
BRDA:4,247,1,0
BRDA:4,248,0,0
BRDA:4,248,1,0
BRDA:4,249,0,0
BRDA:4,249,1,0
BRDA:4,250,0,0
BRDA:4,250,1,0
BRDA:4,251,0,0
BRDA:4,251,1,0
BRDA:4,252,0,0
BRDA:4,252,1,0
BRDA:4,252,2,0
BRDA:4,253,0,0
BRDA:4,253,1,0
BRDA:4,254,0,0
BRDA:4,254,1,0
BRDA:4,255,0,0
BRDA:4,255,1,0
BRDA:4,256,0,0
BRDA:4,256,1,0
BRDA:4,257,0,0
BRDA:4,257,1,0
BRDA:4,258,0,0
BRDA:4,258,1,0
BRDA:4,259,0,0
BRDA:4,259,1,0
BRDA:4,260,0,0
BRDA:4,260,1,0
BRDA:4,261,0,0
BRDA:4,261,1,0
BRDA:4,261,2,0
BRDA:4,262,0,0
BRDA:4,262,1,0
BRDA:4,263,0,0
BRDA:4,263,1,0
BRDA:4,264,0,0
BRDA:4,264,1,0
BRDA:4,265,0,0
BRDA:4,265,1,0
BRDA:4,266,0,0
BRDA:4,266,1,0
BRDA:4,267,0,0
BRDA:4,267,1,0
BRDA:4,268,0,0
BRDA:4,268,1,0
BRDA:4,269,0,0
BRDA:4,269,1,0
BRDA:4,270,0,0
BRDA:4,270,1,0
BRDA:4,271,0,0
BRDA:4,271,1,0
BRDA:4,272,0,0
BRDA:4,272,1,0
BRDA:4,273,0,0
BRDA:4,273,1,0
BRDA:4,273,2,0
BRDA:4,274,0,0
BRDA:4,274,1,0
BRDA:4,275,0,0
BRDA:4,275,1,0
BRDA:4,276,0,0
BRDA:4,276,1,0
BRDA:4,277,0,0
BRDA:4,277,1,0
BRDA:4,278,0,0
BRDA:4,278,1,0
BRDA:4,279,0,0
BRDA:4,279,1,0
BRDA:4,280,0,0
BRDA:4,280,1,0
BRDA:4,281,0,0
BRDA:4,281,1,5
BRDA:4,282,0,0
BRDA:4,282,1,0
BRDA:4,283,0,0
BRDA:4,283,1,0
BRDA:4,284,0,0
BRDA:4,284,1,0
BRDA:4,285,0,5
BRDA:4,285,1,0
BRDA:4,286,0,0
BRDA:4,286,1,0
BRDA:4,286,2,0
BRDA:4,286,3,0
BRDA:4,287,0,0
BRDA:4,287,1,0
BRDA:4,287,2,0
BRDA:4,287,3,0
BRDA:4,288,0,0
BRDA:4,288,1,0
BRDA:4,289,0,0
BRDA:4,289,1,0
BRDA:4,290,0,0
BRDA:4,290,1,0
BRDA:4,290,2,0
BRDA:4,290,3,0
BRDA:5,291,0,0
BRDA:5,291,1,0
BRDA:5,292,0,0
BRDA:5,292,1,0
BRDA:5,293,0,0
BRDA:5,293,1,0
BRDA:5,294,0,0
BRDA:5,294,1,0
BRDA:5,295,0,0
BRDA:5,295,1,0
BRDA:5,296,0,0
BRDA:5,296,1,0
BRDA:5,297,0,0
BRDA:5,297,1,0
BRDA:5,298,0,0
BRDA:5,298,1,0
BRDA:5,299,0,0
BRDA:5,299,1,0
BRDA:5,300,0,0
BRDA:5,300,1,0
BRDA:5,301,0,0
BRDA:5,301,1,0
BRDA:5,302,0,0
BRDA:5,302,1,0
BRDA:5,303,0,0
BRDA:5,303,1,0
BRDA:5,304,0,0
BRDA:5,304,1,0
BRDA:5,305,0,0
BRDA:5,305,1,0
BRDA:5,306,0,10
BRDA:5,306,1,5
BRDA:5,307,0,5
BRDA:5,307,1,0
BRDA:5,307,2,0
BRDA:5,308,0,0
BRDA:5,308,1,5
BRDA:5,309,0,5
BRDA:5,309,1,0
BRDA:6,310,0,0
BRDA:6,310,1,5
BRDA:6,311,0,5
BRDA:6,311,1,0
BRDA:6,311,2,0
BRDA:6,312,0,5
BRDA:6,312,1,0
BRDA:6,313,0,0
BRDA:6,313,1,5
BRDA:6,314,0,5
BRDA:6,314,1,0
BRDA:6,315,0,0
BRDA:6,315,1,0
BRDA:6,316,0,0
BRDA:6,316,1,0
BRDA:6,317,0,0
BRDA:6,317,1,0
BRDA:6,318,0,0
BRDA:6,318,1,0
BRDA:6,319,0,0
BRDA:6,319,1,0
BRDA:6,320,0,0
BRDA:6,320,1,0
BRDA:6,321,0,0
BRDA:6,321,1,0
BRDA:6,322,0,0
BRDA:6,322,1,0
BRDA:6,323,0,0
BRDA:6,323,1,0
BRDA:6,324,0,0
BRDA:6,324,1,0
BRDA:6,325,0,0
BRDA:6,325,1,0
BRDA:6,326,0,0
BRDA:6,326,1,0
BRDA:6,327,0,0
BRDA:6,327,1,0
BRDA:6,328,0,0
BRDA:6,328,1,0
BRDA:6,329,0,0
BRDA:6,329,1,0
BRDA:6,330,0,0
BRDA:6,330,1,0
BRDA:6,331,0,0
BRDA:6,331,1,0
BRDA:6,332,0,0
BRDA:6,332,1,0
BRDA:6,332,2,0
BRDA:6,333,0,0
BRDA:6,333,1,0
BRDA:6,334,0,0
BRDA:6,334,1,0
BRDA:6,335,0,0
BRDA:6,335,1,0
BRDA:6,336,0,0
BRDA:6,336,1,0
BRDA:6,337,0,0
BRDA:6,337,1,0
BRDA:6,338,0,0
BRDA:6,338,1,0
BRDA:6,339,0,0
BRDA:6,339,1,0
BRDA:6,340,0,0
BRDA:6,340,1,0
BRDA:6,341,0,0
BRDA:6,341,1,0
BRDA:6,342,0,0
BRDA:6,342,1,0
BRDA:6,343,0,0
BRDA:6,343,1,0
BRDA:9,344,0,0
BRDA:9,344,1,7
BRDA:9,345,0,14
BRDA:9,345,1,14
BRDA:9,346,0,0
BRDA:9,346,1,0
BRDA:9,347,0,0
BRDA:9,347,1,0
BRDA:9,348,0,0
BRDA:9,348,1,0
BRDA:9,349,0,0
BRDA:9,349,1,0
BRDA:9,350,0,14
BRDA:9,350,1,0
BRDA:9,351,0,0
BRDA:9,352,0,7
BRDA:9,352,1,2
BRDA:9,353,0,7
BRDA:9,353,1,7
BRDA:9,354,0,7
BRDA:9,354,1,7
BRDA:9,354,2,0
BRDA:9,355,0,0
BRDA:9,355,1,7
BRDA:10,356,0,0
BRDA:10,356,1,2
BRDA:10,357,0,2
BRDA:10,357,1,0
BRDA:10,357,2,0
BRDA:10,357,3,0
BRDA:10,358,0,0
BRDA:10,358,1,0
BRDA:10,359,0,0
BRDA:10,359,1,0
BRDA:10,360,0,0
BRDA:10,360,1,0
BRDA:10,361,0,0
BRDA:10,361,1,0
BRDA:16,362,0,0
BRDA:16,362,1,0
BRDA:16,363,0,0
BRDA:16,363,1,0
BRDA:18,364,0,7
BRDA:18,364,1,7
BRDA:18,365,0,0
BRDA:18,365,1,7
BRDA:18,366,0,9
BRDA:18,366,1,0
BRDA:18,366,2,0
BRDA:18,367,0,14
BRDA:18,367,1,7
BRDA:18,368,0,5
BRDA:18,368,1,5
BRDA:18,369,0,5
BRDA:18,369,1,0
BRDA:18,370,0,0
BRDA:18,370,1,0
BRDA:18,371,0,0
BRDA:18,371,1,5
BRDA:18,372,0,0
BRDA:18,372,1,5
BRDA:18,373,0,0
BRDA:18,373,1,0
BRDA:18,374,0,0
BRDA:18,374,1,0
BRDA:20,375,0,0
BRDA:20,375,1,0
BRDA:20,376,0,0
BRDA:20,376,1,0
BRDA:20,377,0,0
BRDA:20,377,1,0
BRDA:21,378,0,0
BRDA:21,378,1,0
BRDA:21,379,0,0
BRDA:21,379,1,0
BRDA:21,380,0,0
BRDA:21,380,1,0
BRDA:21,381,0,0
BRDA:21,381,1,0
BRDA:21,382,0,0
BRDA:21,382,1,0
BRDA:21,383,0,0
BRDA:21,383,1,0
BRDA:21,384,0,0
BRDA:21,384,1,0
BRDA:21,385,0,0
BRDA:21,385,1,0
BRDA:21,386,0,0
BRDA:21,386,1,0
BRDA:21,387,0,0
BRDA:21,387,1,0
BRDA:21,388,0,0
BRDA:21,388,1,0
BRDA:21,389,0,0
BRDA:21,389,1,0
BRDA:21,390,0,0
BRDA:21,390,1,0
BRDA:21,391,0,0
BRDA:21,391,1,0
BRDA:21,392,0,0
BRDA:21,392,1,0
BRDA:21,393,0,0
BRDA:21,393,1,0
BRDA:21,394,0,0
BRDA:21,394,1,0
BRDA:21,395,0,0
BRDA:21,395,1,0
BRDA:21,396,0,0
BRDA:21,396,1,0
BRDA:21,397,0,0
BRDA:21,397,1,0
BRDA:21,398,0,0
BRDA:21,398,1,0
BRDA:21,399,0,0
BRDA:21,399,1,0
BRDA:21,400,0,0
BRDA:21,400,1,0
BRDA:21,401,0,0
BRDA:21,401,1,0
BRDA:21,402,0,0
BRDA:21,402,1,0
BRDA:21,403,0,0
BRDA:21,403,1,0
BRDA:21,404,0,0
BRDA:21,404,1,0
BRDA:21,405,0,0
BRDA:21,405,1,0
BRDA:21,406,0,0
BRDA:21,406,1,0
BRDA:21,407,0,0
BRDA:21,407,1,0
BRDA:21,408,0,0
BRDA:21,408,1,0
BRDA:21,409,0,0
BRDA:21,409,1,0
BRDA:21,410,0,0
BRDA:21,410,1,0
BRDA:21,411,0,0
BRDA:21,411,1,0
BRDA:21,412,0,0
BRDA:21,412,1,0
BRDA:21,413,0,0
BRDA:21,413,1,0
BRDA:21,414,0,0
BRDA:21,414,1,0
BRDA:21,415,0,0
BRDA:21,415,1,0
BRDA:21,416,0,0
BRDA:21,416,1,0
BRDA:21,417,0,0
BRDA:21,417,1,0
BRDA:21,418,0,0
BRDA:21,418,1,0
BRDA:21,419,0,0
BRDA:21,419,1,0
BRDA:21,420,0,0
BRDA:21,420,1,0
BRDA:21,421,0,0
BRDA:21,421,1,0
BRDA:21,422,0,0
BRDA:21,422,1,0
BRDA:21,423,0,0
BRDA:21,423,1,0
BRDA:21,424,0,0
BRDA:21,424,1,0
BRDA:21,424,2,0
BRDA:21,425,0,0
BRDA:21,425,1,0
BRDA:21,426,0,0
BRDA:21,426,1,0
BRDA:21,427,0,0
BRDA:21,427,1,0
BRDA:21,427,2,0
BRDA:21,427,3,0
BRDA:21,428,0,0
BRDA:21,428,1,0
BRDA:21,429,0,0
BRDA:21,429,1,0
BRDA:21,430,0,0
BRDA:21,430,1,0
BRDA:21,431,0,0
BRDA:21,431,1,0
BRDA:21,432,0,0
BRDA:21,432,1,0
BRDA:21,433,0,0
BRDA:21,433,1,0
BRDA:21,434,0,0
BRDA:21,434,1,0
BRDA:21,435,0,0
BRDA:21,435,1,0
BRDA:21,436,0,0
BRDA:21,436,1,0
BRDA:21,437,0,0
BRDA:21,437,1,0
BRDA:21,438,0,0
BRDA:21,438,1,0
BRDA:21,439,0,0
BRDA:21,439,1,0
BRDA:21,440,0,0
BRDA:21,440,1,0
BRDA:21,441,0,0
BRDA:21,441,1,0
BRDA:21,442,0,0
BRDA:21,442,1,0
BRDA:21,443,0,0
BRDA:21,443,1,0
BRDA:21,444,0,0
BRDA:21,444,1,0
BRDA:21,445,0,0
BRDA:21,445,1,0
BRDA:21,446,0,0
BRDA:21,446,1,0
BRDA:21,447,0,0
BRDA:21,447,1,0
BRDA:21,448,0,0
BRDA:21,448,1,0
BRDA:21,449,0,0
BRDA:21,449,1,0
BRDA:21,450,0,0
BRDA:21,450,1,0
BRDA:21,451,0,0
BRDA:21,451,1,0
BRDA:21,452,0,0
BRDA:21,452,1,0
BRDA:21,453,0,0
BRDA:21,453,1,0
BRDA:21,454,0,0
BRDA:21,454,1,0
BRDA:21,455,0,0
BRDA:21,455,1,0
BRDA:21,456,0,0
BRDA:21,456,1,0
BRDA:21,457,0,0
BRDA:21,457,1,0
BRDA:21,458,0,0
BRDA:21,458,1,0
BRDA:21,459,0,0
BRDA:21,459,1,0
BRDA:21,460,0,0
BRDA:21,460,1,0
BRDA:21,461,0,0
BRDA:21,461,1,0
BRDA:21,462,0,0
BRDA:21,462,1,0
BRDA:21,463,0,0
BRDA:21,463,1,0
BRDA:21,464,0,0
BRDA:21,464,1,0
BRDA:21,465,0,0
BRDA:21,465,1,0
BRDA:21,466,0,0
BRDA:21,466,1,0
BRDA:21,467,0,0
BRDA:21,467,1,0
BRDA:21,468,0,0
BRDA:21,468,1,0
BRDA:21,469,0,0
BRDA:21,469,1,0
BRDA:21,470,0,0
BRDA:21,470,1,0
BRDA:21,471,0,0
BRDA:21,471,1,0
BRDA:21,472,0,0
BRDA:21,472,1,0
BRDA:21,472,2,0
BRDA:21,472,3,0
BRDA:21,473,0,0
BRDA:21,473,1,0
BRDA:21,474,0,0
BRDA:21,474,1,0
BRDA:21,474,2,0
BRDA:21,474,3,0
BRDA:21,475,0,0
BRDA:21,475,1,0
BRDA:21,476,0,0
BRDA:21,476,1,0
BRDA:21,477,0,0
BRDA:21,477,1,0
BRDA:21,478,0,0
BRDA:21,478,1,0
BRDA:21,479,0,0
BRDA:21,479,1,0
BRDA:21,480,0,0
BRDA:21,480,1,0
BRDA:21,481,0,0
BRDA:21,481,1,0
BRDA:21,482,0,0
BRDA:21,482,1,0
BRDA:21,483,0,0
BRDA:21,483,1,0
BRDA:21,484,0,0
BRDA:21,484,1,0
BRDA:21,485,0,0
BRDA:21,485,1,0
BRDA:21,486,0,0
BRDA:21,486,1,0
BRDA:21,487,0,0
BRDA:21,487,1,0
BRDA:21,488,0,0
BRDA:21,488,1,0
BRDA:21,489,0,0
BRDA:21,489,1,0
BRDA:21,490,0,0
BRDA:21,490,1,0
BRDA:21,491,0,0
BRDA:21,491,1,0
BRDA:21,492,0,0
BRDA:21,492,1,0
BRDA:21,493,0,0
BRDA:21,493,1,0
BRDA:21,494,0,0
BRDA:21,494,1,0
BRDA:21,495,0,0
BRDA:21,495,1,0
BRDA:21,496,0,0
BRDA:21,496,1,0
BRDA:21,497,0,0
BRDA:21,497,1,0
BRDA:21,498,0,0
BRDA:21,498,1,0
BRDA:21,499,0,0
BRDA:21,499,1,0
BRDA:21,500,0,0
BRDA:21,500,1,0
BRDA:21,501,0,0
BRDA:21,501,1,0
BRDA:21,502,0,0
BRDA:21,502,1,0
BRDA:21,503,0,0
BRDA:21,503,1,0
BRDA:21,504,0,0
BRDA:21,504,1,0
BRDA:21,505,0,0
BRDA:21,505,1,0
BRDA:21,506,0,0
BRDA:21,506,1,0
BRDA:21,507,0,0
BRDA:21,507,1,0
BRDA:21,508,0,0
BRDA:21,508,1,0
BRDA:21,509,0,0
BRDA:21,509,1,0
BRDA:21,510,0,0
BRDA:21,510,1,0
BRDA:21,511,0,0
BRDA:21,511,1,0
BRDA:21,512,0,0
BRDA:21,512,1,0
BRDA:21,512,2,0
BRDA:21,512,3,0
BRDA:21,513,0,0
BRDA:21,513,1,0
BRDA:21,514,0,0
BRDA:21,514,1,0
BRDA:21,514,2,0
BRDA:21,515,0,0
BRDA:21,515,1,0
BRDA:21,516,0,0
BRDA:21,516,1,0
BRDA:21,517,0,0
BRDA:21,517,1,0
BRDA:21,518,0,0
BRDA:21,518,1,0
BRDA:21,519,0,0
BRDA:21,519,1,0
BRDA:21,520,0,0
BRDA:21,520,1,0
BRDA:21,521,0,0
BRDA:21,521,1,0
BRDA:21,522,0,0
BRDA:21,522,1,0
BRDA:21,523,0,0
BRDA:21,523,1,0
BRDA:21,524,0,0
BRDA:21,524,1,0
BRDA:21,525,0,0
BRDA:21,525,1,0
BRDA:21,526,0,0
BRDA:21,526,1,0
BRDA:21,527,0,0
BRDA:21,527,1,0
BRDA:21,528,0,0
BRDA:21,528,1,0
BRDA:21,529,0,0
BRDA:21,529,1,0
BRDA:21,530,0,0
BRDA:21,530,1,0
BRDA:21,531,0,0
BRDA:21,531,1,0
BRDA:21,532,0,0
BRDA:21,532,1,0
BRDA:21,533,0,0
BRDA:21,533,1,0
BRDA:21,534,0,0
BRDA:21,534,1,0
BRDA:21,535,0,0
BRDA:21,535,1,0
BRDA:21,536,0,0
BRDA:21,536,1,0
BRDA:21,536,2,0
BRDA:21,536,3,0
BRDA:21,537,0,0
BRDA:21,537,1,0
BRDA:21,538,0,0
BRDA:21,538,1,0
BRDA:21,538,2,0
BRDA:21,539,0,0
BRDA:21,539,1,0
BRDA:21,540,0,0
BRDA:21,540,1,0
BRDA:21,541,0,0
BRDA:21,541,1,0
BRDA:21,542,0,0
BRDA:21,542,1,0
BRDA:21,543,0,0
BRDA:21,543,1,0
BRDA:21,543,2,0
BRDA:21,544,0,0
BRDA:21,544,1,0
BRDA:21,545,0,0
BRDA:21,545,1,0
BRDA:21,545,2,0
BRDA:21,545,3,0
BRDA:21,546,0,0
BRDA:21,546,1,0
BRDA:21,547,0,0
BRDA:21,547,1,0
BRDA:21,548,0,0
BRDA:21,548,1,0
BRDA:21,549,0,0
BRDA:21,549,1,0
BRDA:21,550,0,0
BRDA:21,550,1,0
BRDA:21,551,0,0
BRDA:21,551,1,0
BRDA:21,552,0,0
BRDA:21,552,1,0
BRDA:21,553,0,0
BRDA:21,553,1,0
BRDA:21,554,0,0
BRDA:21,554,1,0
BRDA:21,554,2,0
BRDA:21,555,0,0
BRDA:21,555,1,0
BRDA:21,556,0,0
BRDA:21,556,1,0
BRDA:21,557,0,0
BRDA:21,557,1,0
BRDA:21,557,2,0
BRDA:21,557,3,0
BRDA:21,558,0,0
BRDA:21,558,1,0
BRDA:21,559,0,0
BRDA:21,559,1,0
BRDA:21,560,0,0
BRDA:21,560,1,0
BRDA:21,561,0,0
BRDA:21,561,1,0
BRDA:21,562,0,0
BRDA:21,562,1,0
BRDA:21,563,0,0
BRDA:21,563,1,0
BRDA:21,563,2,0
BRDA:21,563,3,0
BRDA:21,564,0,0
BRDA:21,564,1,0
BRDA:21,565,0,0
BRDA:21,565,1,0
BRDA:21,565,2,0
BRDA:21,565,3,0
BRDA:21,565,4,0
BRDA:21,565,5,0
BRDA:21,565,6,0
BRDA:21,566,0,0
BRDA:21,566,1,0
BRDA:21,567,0,0
BRDA:21,567,1,0
BRDA:21,568,0,0
BRDA:21,568,1,0
BRDA:21,569,0,0
BRDA:21,569,1,0
BRDA:21,570,0,0
BRDA:21,570,1,0
BRDA:21,571,0,0
BRDA:21,571,1,0
BRDA:21,572,0,0
BRDA:21,572,1,0
BRDA:21,573,0,0
BRDA:21,573,1,0
BRDA:21,574,0,0
BRDA:21,574,1,0
BRDA:21,575,0,0
BRDA:21,575,1,0
BRDA:21,576,0,0
BRDA:21,576,1,0
BRDA:21,577,0,0
BRDA:21,577,1,0
BRDA:21,578,0,0
BRDA:21,578,1,0
BRDA:21,579,0,0
BRDA:21,579,1,0
BRDA:21,580,0,0
BRDA:21,580,1,0
BRDA:21,581,0,0
BRDA:21,581,1,0
BRDA:21,582,0,0
BRDA:21,582,1,0
BRDA:21,583,0,0
BRDA:21,583,1,0
BRDA:21,584,0,0
BRDA:21,584,1,0
BRDA:21,585,0,0
BRDA:21,585,1,0
BRDA:21,586,0,0
BRDA:21,586,1,0
BRDA:21,587,0,0
BRDA:21,587,1,0
BRDA:21,588,0,0
BRDA:21,588,1,0
BRDA:21,589,0,0
BRDA:21,589,1,0
BRDA:21,590,0,0
BRDA:21,590,1,0
BRDA:21,591,0,0
BRDA:21,591,1,0
BRDA:21,592,0,0
BRDA:21,592,1,0
BRDA:21,593,0,0
BRDA:21,593,1,0
BRDA:21,594,0,0
BRDA:21,594,1,0
BRDA:21,595,0,0
BRDA:21,595,1,0
BRDA:21,596,0,0
BRDA:21,596,1,0
BRDA:21,597,0,0
BRDA:21,597,1,0
BRDA:21,598,0,0
BRDA:21,598,1,0
BRDA:21,599,0,0
BRDA:21,599,1,0
BRDA:21,599,2,0
BRDA:21,599,3,0
BRDA:21,600,0,0
BRDA:21,600,1,0
BRDA:21,601,0,0
BRDA:21,601,1,0
BRDA:21,602,0,0
BRDA:21,602,1,0
BRDA:21,603,0,0
BRDA:21,603,1,0
BRDA:21,604,0,0
BRDA:21,604,1,0
BRDA:21,605,0,0
BRDA:21,605,1,0
BRDA:21,606,0,0
BRDA:21,606,1,0
BRDA:21,607,0,0
BRDA:21,607,1,0
BRDA:21,608,0,0
BRDA:21,608,1,0
BRDA:21,609,0,0
BRDA:21,609,1,0
BRDA:21,610,0,0
BRDA:21,610,1,0
BRDA:21,610,2,0
BRDA:21,611,0,0
BRDA:21,611,1,0
BRDA:21,612,0,0
BRDA:21,612,1,0
BRDA:21,613,0,0
BRDA:21,613,1,0
BRDA:21,614,0,0
BRDA:21,614,1,0
BRDA:21,615,0,0
BRDA:21,615,1,0
BRDA:21,616,0,0
BRDA:21,616,1,0
BRDA:21,617,0,0
BRDA:21,617,1,0
BRDA:21,618,0,0
BRDA:21,618,1,0
BRDA:21,619,0,0
BRDA:21,619,1,0
BRDA:21,620,0,0
BRDA:21,620,1,0
BRDA:21,621,0,0
BRDA:21,621,1,0
BRDA:21,622,0,0
BRDA:21,622,1,0
BRDA:21,623,0,0
BRDA:21,623,1,0
BRDA:21,624,0,0
BRDA:21,624,1,0
BRDA:21,625,0,0
BRDA:21,625,1,0
BRDA:21,626,0,0
BRDA:21,626,1,0
BRDA:21,627,0,0
BRDA:21,627,1,0
BRDA:21,628,0,0
BRDA:21,628,1,0
BRDA:21,629,0,0
BRDA:21,629,1,0
BRDA:21,630,0,0
BRDA:21,630,1,0
BRDA:21,631,0,0
BRDA:21,631,1,0
BRDA:21,632,0,0
BRDA:21,632,1,0
BRDA:21,633,0,0
BRDA:21,633,1,0
BRDA:21,634,0,0
BRDA:21,634,1,0
BRDA:21,635,0,0
BRDA:21,635,1,0
BRDA:21,636,0,0
BRDA:21,636,1,0
BRDA:21,637,0,0
BRDA:21,637,1,0
BRDA:21,637,2,0
BRDA:21,638,0,0
BRDA:21,638,1,0
BRDA:21,639,0,0
BRDA:21,639,1,0
BRDA:21,640,0,0
BRDA:21,640,1,0
BRDA:21,641,0,0
BRDA:21,641,1,0
BRDA:21,642,0,0
BRDA:21,642,1,0
BRDA:21,643,0,0
BRDA:21,643,1,0
BRDA:21,643,2,0
BRDA:21,643,3,0
BRDA:21,643,4,0
BRDA:21,643,5,0
BRDA:21,644,0,0
BRDA:21,644,1,0
BRDA:21,644,2,0
BRDA:21,644,3,0
BRDA:21,644,4,0
BRDA:21,644,5,0
BRDA:21,644,6,0
BRDA:21,644,7,0
BRDA:21,645,0,0
BRDA:21,645,1,0
BRDA:21,646,0,0
BRDA:21,646,1,0
BRDA:21,647,0,0
BRDA:21,647,1,0
BRDA:21,648,0,0
BRDA:21,648,1,0
BRDA:21,649,0,0
BRDA:21,649,1,0
BRDA:21,649,2,0
BRDA:21,649,3,0
BRDA:21,649,4,0
BRDA:21,649,5,0
BRDA:21,650,0,0
BRDA:21,650,1,0
BRDA:21,650,2,0
BRDA:21,650,3,0
BRDA:21,650,4,0
BRDA:21,650,5,0
BRDA:21,650,6,0
BRDA:21,651,0,0
BRDA:21,651,1,0
BRDA:21,652,0,0
BRDA:21,652,1,0
BRDA:21,653,0,0
BRDA:21,653,1,0
BRDA:21,654,0,0
BRDA:21,654,1,0
BRDA:21,655,0,0
BRDA:21,655,1,0
BRDA:21,656,0,0
BRDA:21,656,1,0
BRDA:21,657,0,0
BRDA:21,657,1,0
BRDA:21,658,0,0
BRDA:21,658,1,0
BRDA:21,659,0,0
BRDA:21,659,1,0
BRDA:21,660,0,0
BRDA:21,660,1,0
BRDA:21,661,0,0
BRDA:21,661,1,0
BRDA:21,662,0,0
BRDA:21,662,1,0
BRDA:21,663,0,0
BRDA:21,663,1,0
BRDA:21,664,0,0
BRDA:21,664,1,0
BRDA:21,664,2,0
BRDA:21,664,3,0
BRDA:21,665,0,0
BRDA:21,665,1,0
BRDA:21,666,0,0
BRDA:21,666,1,0
BRDA:21,666,2,0
BRDA:21,667,0,0
BRDA:21,667,1,0
BRDA:21,668,0,0
BRDA:21,668,1,0
BRDA:21,669,0,0
BRDA:21,669,1,0
BRDA:21,670,0,0
BRDA:21,670,1,0
BRDA:21,670,2,0
BRDA:21,671,0,0
BRDA:21,671,1,0
BRDA:21,672,0,0
BRDA:21,672,1,0
BRDA:21,673,0,0
BRDA:21,673,1,0
BRDA:21,674,0,0
BRDA:21,674,1,0
BRDA:21,675,0,0
BRDA:21,675,1,0
BRDA:21,676,0,0
BRDA:21,676,1,0
BRDA:21,677,0,0
BRDA:21,677,1,0
BRDA:21,678,0,0
BRDA:21,678,1,0
BRDA:21,679,0,0
BRDA:21,679,1,0
BRDA:21,679,2,0
BRDA:21,680,0,0
BRDA:21,680,1,0
BRDA:21,681,0,0
BRDA:21,681,1,0
BRDA:21,682,0,0
BRDA:21,682,1,0
BRDA:21,683,0,0
BRDA:21,683,1,0
BRDA:21,684,0,0
BRDA:21,684,1,0
BRDA:21,685,0,0
BRDA:21,685,1,0
BRDA:21,686,0,0
BRDA:21,686,1,0
BRDA:21,687,0,0
BRDA:21,687,1,0
BRDA:21,688,0,0
BRDA:21,688,1,0
BRDA:21,689,0,0
BRDA:21,689,1,0
BRDA:21,690,0,0
BRDA:21,690,1,0
BRDA:21,691,0,0
BRDA:21,691,1,0
BRDA:21,692,0,0
BRDA:21,692,1,0
BRDA:21,693,0,0
BRDA:21,693,1,0
BRDA:21,694,0,0
BRDA:21,694,1,0
BRDA:21,695,0,0
BRDA:21,695,1,0
BRDA:21,696,0,0
BRDA:21,696,1,0
BRDA:21,697,0,0
BRDA:21,697,1,0
BRDA:21,698,0,0
BRDA:21,698,1,0
BRDA:21,699,0,0
BRDA:21,699,1,0
BRDA:21,700,0,0
BRDA:21,700,1,0
BRDA:21,700,2,0
BRDA:21,701,0,0
BRDA:21,701,1,0
BRDA:21,702,0,0
BRDA:21,702,1,0
BRDA:21,703,0,0
BRDA:21,703,1,0
BRDA:21,704,0,0
BRDA:21,704,1,0
BRDA:21,705,0,0
BRDA:21,705,1,0
BRDA:21,706,0,0
BRDA:21,706,1,0
BRDA:21,707,0,0
BRDA:21,707,1,0
BRDA:21,708,0,0
BRDA:21,708,1,0
BRDA:21,709,0,0
BRDA:21,709,1,0
BRDA:21,710,0,0
BRDA:21,710,1,0
BRDA:21,711,0,0
BRDA:21,711,1,0
BRDA:21,711,2,0
BRDA:21,711,3,0
BRDA:21,712,0,0
BRDA:21,712,1,0
BRDA:21,713,0,0
BRDA:21,713,1,0
BRDA:21,714,0,0
BRDA:21,714,1,0
BRDA:21,714,2,0
BRDA:21,714,3,0
BRDA:21,715,0,0
BRDA:21,715,1,0
BRDA:21,716,0,0
BRDA:21,716,1,0
BRDA:21,716,2,0
BRDA:21,716,3,0
BRDA:21,716,4,0
BRDA:21,716,5,0
BRDA:21,716,6,0
BRDA:21,717,0,0
BRDA:21,717,1,0
BRDA:21,718,0,0
BRDA:21,718,1,0
BRDA:21,719,0,0
BRDA:21,719,1,0
BRDA:21,720,0,0
BRDA:21,720,1,0
BRDA:21,721,0,0
BRDA:21,721,1,0
BRDA:21,722,0,0
BRDA:21,722,1,0
BRDA:21,723,0,0
BRDA:21,723,1,0
BRDA:21,724,0,0
BRDA:21,724,1,0
BRDA:21,725,0,0
BRDA:21,725,1,0
BRDA:21,726,0,0
BRDA:21,726,1,0
BRDA:21,727,0,0
BRDA:21,727,1,0
BRDA:21,728,0,0
BRDA:21,728,1,0
BRDA:21,729,0,0
BRDA:21,729,1,0
BRDA:21,730,0,0
BRDA:21,730,1,0
BRDA:21,731,0,0
BRDA:21,731,1,0
BRDA:21,732,0,0
BRDA:21,732,1,0
BRDA:21,733,0,0
BRDA:21,733,1,0
BRDA:21,734,0,0
BRDA:21,734,1,0
BRDA:21,735,0,0
BRDA:21,735,1,0
BRDA:21,736,0,0
BRDA:21,736,1,0
BRDA:21,737,0,0
BRDA:21,737,1,0
BRDA:21,738,0,0
BRDA:21,738,1,0
BRDA:21,739,0,0
BRDA:21,739,1,0
BRDA:21,740,0,0
BRDA:21,740,1,0
BRDA:21,740,2,0
BRDA:21,741,0,0
BRDA:21,741,1,0
BRDA:21,742,0,0
BRDA:21,742,1,0
BRDA:21,742,2,0
BRDA:21,743,0,0
BRDA:21,743,1,0
BRDA:21,744,0,0
BRDA:21,744,1,0
BRDA:21,744,2,0
BRDA:21,745,0,0
BRDA:21,745,1,0
BRDA:21,746,0,0
BRDA:21,746,1,0
BRDA:21,747,0,0
BRDA:21,747,1,0
BRDA:21,748,0,0
BRDA:21,748,1,0
BRDA:21,749,0,0
BRDA:21,749,1,0
BRDA:21,750,0,0
BRDA:21,750,1,0
BRDA:21,751,0,0
BRDA:21,751,1,0
BRDA:21,752,0,0
BRDA:21,752,1,0
BRDA:21,753,0,0
BRDA:21,753,1,0
BRDA:21,753,2,0
BRDA:21,754,0,0
BRDA:21,754,1,0
BRDA:21,755,0,0
BRDA:21,755,1,0
BRDA:21,756,0,0
BRDA:21,756,1,0
BRDA:21,757,0,0
BRDA:21,757,1,0
BRDA:21,757,2,0
BRDA:21,758,0,0
BRDA:21,758,1,0
BRDA:21,759,0,0
BRDA:21,759,1,0
BRDA:21,760,0,0
BRDA:21,760,1,0
BRDA:21,761,0,0
BRDA:21,761,1,0
BRDA:21,762,0,0
BRDA:21,762,1,0
BRDA:21,763,0,0
BRDA:21,763,1,0
BRDA:21,764,0,0
BRDA:21,764,1,0
BRDA:21,765,0,0
BRDA:21,765,1,0
BRDA:21,766,0,0
BRDA:21,766,1,0
BRDA:21,767,0,0
BRDA:21,767,1,0
BRDA:21,768,0,0
BRDA:21,768,1,0
BRDA:21,769,0,0
BRDA:21,769,1,0
BRDA:21,769,2,0
BRDA:21,769,3,0
BRDA:21,769,4,0
BRDA:21,769,5,0
BRDA:21,770,0,0
BRDA:21,770,1,0
BRDA:21,771,0,0
BRDA:21,771,1,0
BRDA:21,772,0,0
BRDA:21,772,1,0
BRDA:21,773,0,0
BRDA:21,773,1,0
BRDA:21,774,0,0
BRDA:21,774,1,0
BRDA:21,775,0,0
BRDA:21,775,1,0
BRDA:21,776,0,0
BRDA:21,776,1,0
BRDA:21,776,2,0
BRDA:21,776,3,0
BRDA:21,777,0,0
BRDA:21,777,1,0
BRDA:21,778,0,0
BRDA:21,778,1,0
BRDA:21,779,0,0
BRDA:21,779,1,0
BRDA:21,780,0,0
BRDA:21,780,1,0
BRDA:21,781,0,0
BRDA:21,781,1,0
BRDA:21,782,0,0
BRDA:21,782,1,0
BRDA:21,783,0,4
BRDA:21,783,1,4
BRDA:21,784,0,0
BRDA:21,784,1,4
BRDA:21,785,0,0
BRDA:21,785,1,0
BRDA:21,786,0,4
BRDA:21,786,1,0
BRDA:21,787,0,4
BRDA:21,787,1,0
BRDA:21,788,0,4
BRDA:21,788,1,0
BRDA:21,789,0,4
BRDA:21,789,1,0
BRDA:21,790,0,4
BRDA:21,790,1,4
BRDA:21,791,0,4
BRDA:21,791,1,4
BRDA:21,792,0,0
BRDA:21,792,1,4
BRDA:21,793,0,4
BRDA:21,793,1,0
BRDA:21,794,0,0
BRDA:21,794,1,0
BRDA:21,795,0,0
BRDA:21,795,1,0
BRDA:21,796,0,0
BRDA:21,796,1,0
BRDA:21,797,0,0
BRDA:21,797,1,0
BRDA:21,798,0,0
BRDA:21,798,1,0
BRDA:21,799,0,0
BRDA:21,799,1,0
BRDA:21,800,0,0
BRDA:21,800,1,0
BRDA:21,801,0,0
BRDA:21,801,1,0
BRDA:21,802,0,0
BRDA:21,802,1,0
BRDA:21,803,0,0
BRDA:21,803,1,0
BRDA:21,804,0,0
BRDA:21,804,1,0
BRDA:21,805,0,0
BRDA:21,805,1,0
BRDA:21,806,0,0
BRDA:21,806,1,0
BRDA:21,807,0,0
BRDA:21,807,1,0
BRDA:21,808,0,0
BRDA:21,808,1,0
BRDA:21,809,0,0
BRDA:21,809,1,0
BRDA:21,810,0,0
BRDA:21,810,1,0
BRDA:21,811,0,0
BRDA:21,811,1,0
BRDA:21,812,0,0
BRDA:21,812,1,0
BRDA:21,813,0,0
BRDA:21,813,1,0
BRDA:21,814,0,0
BRDA:21,814,1,0
BRDA:21,815,0,0
BRDA:21,815,1,0
BRDA:21,816,0,0
BRDA:21,816,1,0
BRDA:21,817,0,0
BRDA:21,817,1,0
BRDA:21,818,0,0
BRDA:21,818,1,0
BRDA:21,819,0,0
BRDA:21,819,1,0
BRDA:21,820,0,0
BRDA:21,820,1,0
BRDA:21,821,0,0
BRDA:21,821,1,0
BRDA:21,822,0,0
BRDA:21,822,1,0
BRDA:21,823,0,0
BRDA:21,823,1,0
BRDA:21,824,0,0
BRDA:21,824,1,0
BRDA:21,825,0,0
BRDA:21,825,1,0
BRDA:21,826,0,0
BRDA:21,826,1,0
BRDA:21,827,0,0
BRDA:21,827,1,0
BRDA:21,828,0,0
BRDA:21,828,1,0
BRDA:21,829,0,0
BRDA:21,829,1,0
BRDA:21,830,0,0
BRDA:21,830,1,0
BRDA:21,831,0,0
BRDA:21,831,1,0
BRDA:21,832,0,0
BRDA:21,832,1,0
BRDA:21,833,0,0
BRDA:21,833,1,0
BRDA:21,834,0,0
BRDA:21,834,1,0
BRDA:21,835,0,0
BRDA:21,835,1,0
BRDA:21,836,0,0
BRDA:21,836,1,0
BRDA:21,837,0,0
BRDA:21,837,1,0
BRDA:21,838,0,0
BRDA:21,838,1,0
BRDA:21,839,0,0
BRDA:21,839,1,0
BRDA:21,839,2,0
BRDA:21,839,3,0
BRDA:21,840,0,0
BRDA:21,840,1,0
BRDA:21,841,0,0
BRDA:21,841,1,0
BRDA:21,841,2,0
BRDA:21,841,3,0
BRDA:21,841,4,0
BRDA:21,841,5,0
BRDA:21,841,6,0
BRDA:21,842,0,0
BRDA:21,842,1,0
BRDA:21,843,0,0
BRDA:21,843,1,0
BRDA:21,844,0,0
BRDA:21,844,1,0
BRDA:21,845,0,0
BRDA:21,845,1,0
BRDA:21,846,0,0
BRDA:21,846,1,0
BRDA:21,847,0,0
BRDA:21,847,1,0
BRDA:21,848,0,0
BRDA:21,848,1,0
BRDA:21,849,0,0
BRDA:21,849,1,0
BRDA:21,850,0,0
BRDA:21,850,1,0
BRDA:21,851,0,0
BRDA:21,851,1,0
BRDA:21,852,0,0
BRDA:21,852,1,0
BRDA:21,853,0,0
BRDA:21,853,1,0
BRDA:21,854,0,0
BRDA:21,854,1,0
BRDA:21,855,0,0
BRDA:21,855,1,0
BRDA:21,856,0,0
BRDA:21,856,1,0
BRDA:21,857,0,0
BRDA:21,857,1,0
BRDA:21,858,0,0
BRDA:21,858,1,0
BRDA:21,859,0,0
BRDA:21,859,1,0
BRDA:21,860,0,0
BRDA:21,860,1,0
BRDA:21,861,0,0
BRDA:21,861,1,0
BRDA:21,862,0,0
BRDA:21,862,1,0
BRDA:21,863,0,0
BRDA:21,863,1,0
BRDA:21,864,0,0
BRDA:21,864,1,0
BRDA:21,865,0,0
BRDA:21,865,1,0
BRDA:21,866,0,0
BRDA:21,866,1,0
BRDA:21,867,0,0
BRDA:21,867,1,0
BRDA:21,868,0,0
BRDA:21,868,1,0
BRDA:21,869,0,0
BRDA:21,869,1,0
BRDA:21,870,0,0
BRDA:21,870,1,2
BRDA:21,871,0,2
BRDA:21,871,1,2
BRDA:21,872,0,14
BRDA:21,872,1,0
BRDA:21,873,0,14
BRDA:21,873,1,0
BRDA:21,874,0,14
BRDA:21,874,1,0
BRDA:21,875,0,14
BRDA:21,875,1,14
BRDA:21,875,2,14
BRDA:21,876,0,2
BRDA:21,876,1,0
BRDA:21,877,0,2
BRDA:21,877,1,0
[...]
BRDA:110,1449,0,0
BRDA:110,1449,1,0
BRDA:110,1450,0,0
BRDA:110,1450,1,0
BRDA:110,1451,0,0
BRDA:110,1451,1,0
BRDA:110,1451,2,0
BRDA:110,1452,0,0
BRDA:110,1452,1,0
BRDA:110,1453,0,0
BRDA:110,1453,1,0
BRDA:110,1453,2,0
BRDA:110,1454,0,0
BRDA:110,1454,1,0
BRDA:110,1455,0,0
BRDA:110,1455,1,0
BRDA:110,1456,0,0
BRDA:110,1456,1,0
BRDA:110,1457,0,0
BRDA:110,1457,1,0
BRDA:110,1458,0,0
BRDA:110,1458,1,0
BRDA:110,1459,0,0
BRDA:110,1459,1,0
BRDA:110,1460,0,0
BRDA:110,1460,1,0
BRDA:110,1461,0,0
BRDA:110,1461,1,0
BRDA:110,1462,0,0
BRDA:110,1462,1,0
BRDA:110,1463,0,0
BRDA:110,1463,1,0
BRDA:110,1464,0,0
BRDA:110,1464,1,0
BRDA:110,1465,0,0
BRDA:110,1465,1,0
BRDA:110,1466,0,0
BRDA:110,1466,1,0
BRDA:110,1467,0,0
BRDA:110,1467,1,0
BRDA:110,1468,0,0
BRDA:110,1468,1,0
BRDA:110,1469,0,0
BRDA:110,1469,1,0
BRDA:110,1470,0,0
BRDA:110,1470,1,0
BRDA:110,1471,0,0
BRDA:110,1471,1,0
BRDA:110,1472,0,0
BRDA:110,1472,1,0
BRDA:110,1473,0,0
BRDA:110,1473,1,0
BRDA:110,1474,0,0
BRDA:110,1474,1,0
BRDA:110,1475,0,0
BRDA:110,1475,1,0
BRDA:110,1476,0,0
BRDA:110,1476,1,0
BRDA:110,1477,0,0
BRDA:110,1477,1,0
BRDA:110,1478,0,0
BRDA:110,1478,1,0
BRDA:110,1479,0,0
BRDA:110,1479,1,0
BRDA:111,1480,0,0
BRDA:111,1481,0,0
BRDA:111,1481,1,0
BRDA:111,1482,0,0
BRDA:111,1482,1,0
BRDA:111,1483,0,0
BRDA:111,1483,1,0
BRDA:111,1484,0,0
BRDA:111,1484,1,0
BRDA:111,1485,0,0
BRDA:111,1485,1,0
BRDA:111,1485,2,0
BRDA:111,1486,0,0
BRDA:111,1486,1,0
BRDA:111,1487,0,0
BRDA:111,1487,1,0
BRDA:111,1488,0,0
BRDA:111,1488,1,0
BRDA:111,1489,0,0
BRDA:111,1489,1,0
BRDA:111,1490,0,0
BRDA:111,1490,1,0
BRDA:111,1490,2,0
BRDA:111,1491,0,0
BRDA:111,1491,1,0
BRDA:111,1492,0,0
BRDA:111,1492,1,0
BRDA:111,1493,0,0
BRDA:111,1493,1,0
BRDA:111,1494,0,0
BRDA:111,1494,1,0
BRDA:111,1495,0,0
BRDA:111,1495,1,0
BRDA:111,1496,0,0
BRDA:111,1497,0,0
BRDA:111,1497,1,0
BRDA:111,1498,0,0
BRDA:111,1498,1,0
BRDA:111,1499,0,0
BRDA:111,1499,1,0
BRDA:111,1500,0,0
BRDA:111,1500,1,0
BRDA:111,1501,0,0
BRDA:111,1501,1,0
BRDA:111,1502,0,0
BRDA:111,1502,1,0
BRDA:111,1503,0,0
BRDA:111,1503,1,0
BRDA:111,1504,0,0
BRDA:111,1504,1,0
BRDA:111,1505,0,0
BRDA:111,1505,1,0
BRDA:111,1506,0,0
BRDA:111,1506,1,0
BRDA:111,1507,0,0
BRDA:111,1507,1,0
BRDA:111,1507,2,0
BRDA:111,1507,3,0
BRDA:111,1507,4,0
BRDA:111,1507,5,0
BRDA:111,1507,6,0
BRDA:111,1508,0,0
BRDA:111,1508,1,0
BRDA:111,1509,0,0
BRDA:111,1509,1,0
BRDA:111,1510,0,0
BRDA:111,1510,1,0
BRDA:111,1511,0,0
BRDA:111,1511,1,0
BRDA:111,1512,0,0
BRDA:111,1512,1,0
BRDA:111,1513,0,0
BRDA:111,1513,1,0
BRDA:111,1514,0,0
BRDA:111,1514,1,0
BRDA:111,1515,0,0
BRDA:111,1515,1,0
BRDA:111,1516,0,0
BRDA:111,1516,1,0
BRDA:111,1517,0,0
BRDA:111,1517,1,0
BRDA:111,1518,0,0
BRDA:111,1518,1,0
BRDA:111,1519,0,0
BRDA:111,1519,1,0
BRDA:111,1520,0,0
BRDA:111,1520,1,0
BRDA:111,1521,0,0
BRDA:111,1521,1,0
BRDA:111,1522,0,0
BRDA:111,1522,1,0
BRDA:111,1523,0,0
BRDA:111,1523,1,0
BRDA:111,1524,0,0
BRDA:111,1524,1,0
BRDA:111,1525,0,0
BRDA:111,1525,1,0
BRDA:111,1526,0,0
BRDA:111,1526,1,0
BRDA:111,1527,0,0
BRDA:111,1527,1,0
BRDA:111,1528,0,0
BRDA:111,1528,1,0
BRDA:111,1529,0,0
BRDA:111,1529,1,0
BRDA:111,1530,0,0
BRDA:111,1530,1,0
BRDA:111,1531,0,0
BRDA:111,1531,1,0
BRDA:111,1532,0,0
BRDA:111,1532,1,0
BRDA:111,1533,0,0
BRDA:111,1533,1,0
BRDA:111,1534,0,0
BRDA:111,1534,1,0
BRDA:111,1535,0,0
BRDA:111,1535,1,0
BRDA:111,1536,0,0
BRDA:111,1536,1,0
BRDA:111,1537,0,0
BRDA:111,1537,1,0
BRDA:111,1538,0,0
BRDA:111,1538,1,0
BRDA:111,1539,0,7
BRDA:111,1539,1,2
BRDA:111,1540,0,5
BRDA:111,1540,1,2
BRDA:111,1541,0,2
BRDA:111,1541,1,0
BRDA:111,1542,0,0
BRDA:111,1542,1,0
BRDA:111,1543,0,0
BRDA:111,1543,1,0
BRDA:111,1544,0,0
BRDA:111,1544,1,0
BRDA:111,1545,0,0
BRDA:111,1545,1,0
BRDA:111,1546,0,0
BRDA:111,1546,1,0
BRDA:111,1547,0,0
BRDA:111,1547,1,0
BRDA:111,1548,0,0
BRDA:111,1548,1,0
BRDA:111,1549,0,2
BRDA:111,1549,1,0
BRDA:111,1550,0,7
BRDA:111,1550,1,7
BRDA:111,1551,0,7
BRDA:111,1551,1,0
BRDA:111,1552,0,0
BRDA:111,1552,1,0
BRDA:111,1553,0,7
BRDA:111,1553,1,7
BRDA:111,1554,0,7
BRDA:111,1554,1,7
BRDA:111,1555,0,7
BRDA:111,1555,1,0
BRDA:111,1556,0,7
BRDA:111,1556,1,7
BRDA:111,1556,2,7
BRDA:111,1557,0,0
BRDA:111,1557,1,2
BRDA:111,1558,0,0
BRDA:111,1558,1,0
BRDA:111,1559,0,0
BRDA:111,1559,1,0
BRDA:111,1560,0,0
BRDA:111,1560,1,0
BRDA:111,1561,0,0
BRDA:111,1561,1,0
BRDA:111,1562,0,0
BRDA:111,1562,1,0
BRDA:111,1563,0,0
BRDA:111,1563,1,0
BRDA:111,1564,0,0
BRDA:111,1564,1,7
BRDA:111,1565,0,0
BRDA:111,1565,1,7
BRDA:111,1566,0,0
BRDA:111,1566,1,7
BRDA:112,1567,0,0
BRDA:112,1567,1,1
BRDA:112,1568,0,7
BRDA:112,1568,1,0
BRDA:112,1569,0,7
BRDA:112,1569,1,7
BRDA:112,1570,0,7
BRDA:112,1570,1,0
BRDA:112,1571,0,7
BRDA:112,1571,1,7
BRDA:112,1572,0,7
BRDA:112,1572,1,0
BRDA:112,1573,0,0
BRDA:112,1573,1,0
BRDA:112,1574,0,0
BRDA:112,1574,1,0
BRDA:112,1575,0,0
BRDA:112,1575,1,0
BRDA:112,1576,0,0
BRDA:112,1576,1,0
BRDA:112,1577,0,0
BRDA:112,1577,1,0
BRDA:112,1578,0,0
BRDA:112,1578,1,1
BRDA:112,1579,0,0
BRDA:112,1579,1,1
BRDA:112,1580,0,0
BRDA:112,1580,1,0
BRDA:112,1581,0,0
BRDA:112,1581,1,0
BRDA:112,1582,0,0
BRDA:112,1582,1,0
BRDA:112,1583,0,7
BRDA:112,1583,1,0
BRDA:112,1584,0,1
BRDA:112,1584,1,0
BRDA:112,1585,0,1
BRDA:112,1585,1,0
BRDA:112,1586,0,0
BRDA:112,1586,1,0
BRDA:112,1587,0,0
BRDA:112,1587,1,1
BRDA:112,1588,0,0
BRDA:112,1588,1,1
BRDA:112,1589,0,1
BRDA:112,1589,1,0
BRDA:112,1590,0,1
BRDA:112,1590,1,0
BRDA:113,1591,0,0
BRDA:113,1591,1,0
BRDA:113,1592,0,0
BRDA:113,1592,1,0
BRDA:113,1593,0,0
BRDA:113,1593,1,0
BRDA:113,1594,0,0
BRDA:113,1594,1,0
BRDA:113,1595,0,0
BRDA:113,1595,1,0
BRDA:113,1596,0,0
BRDA:113,1596,1,0
BRDA:113,1597,0,0
BRDA:113,1597,1,0
BRDA:113,1598,0,0
BRDA:113,1598,1,0
BRDA:113,1599,0,0
BRDA:113,1599,1,1
BRDA:113,1600,0,0
BRDA:113,1600,1,1
BRDA:113,1601,0,0
BRDA:113,1601,1,1
BRDA:113,1602,0,1
BRDA:113,1602,1,0
BRDA:113,1603,0,0
BRDA:113,1603,1,0
BRDA:113,1604,0,0
BRDA:113,1604,1,0
BRDA:113,1604,2,0
BRDA:113,1605,0,0
BRDA:113,1606,0,7
BRDA:113,1606,1,7
BRDA:113,1607,0,7
BRDA:113,1607,1,7
BRDA:113,1607,2,0
BRDA:113,1608,0,7
BRDA:113,1608,1,7
BRDA:113,1609,0,0
BRDA:113,1609,1,7
BRDA:113,1610,0,7
BRDA:113,1610,1,0
BRDA:113,1610,2,7
BRDA:113,1610,3,0
BRDA:113,1611,0,0
BRDA:113,1611,1,0
BRDA:113,1612,0,0
BRDA:113,1612,1,0
BRDA:114,1613,0,0
BRDA:114,1613,1,7
BRDA:114,1614,0,7
BRDA:114,1614,1,0
BRDA:114,1615,0,7
BRDA:114,1615,1,0
BRDA:114,1616,0,0
BRDA:114,1616,1,0
BRDA:114,1617,0,0
BRDA:114,1617,1,0
BRDA:114,1618,0,0
BRDA:114,1618,1,0
BRDA:114,1619,0,0
BRDA:114,1619,1,0
BRDA:114,1620,0,0
BRDA:114,1620,1,0
BRDA:114,1621,0,0
BRDA:114,1621,1,0
BRDA:114,1622,0,0
BRDA:114,1622,1,0
BRDA:114,1623,0,0
BRDA:114,1623,1,0
BRDA:114,1624,0,0
BRDA:114,1624,1,0
BRDA:114,1625,0,0
BRDA:114,1625,1,0
BRDA:114,1626,0,0
BRDA:114,1626,1,0
BRDA:114,1627,0,0
BRDA:114,1627,1,0
BRDA:114,1628,0,0
BRDA:114,1628,1,0
BRDA:114,1629,0,0
BRDA:114,1629,1,0
BRDA:114,1630,0,0
BRDA:114,1630,1,0
BRDA:114,1631,0,0
BRDA:114,1631,1,0
BRDA:114,1632,0,0
BRDA:114,1632,1,0
BRDA:114,1633,0,0
BRDA:114,1633,1,0
BRDA:114,1634,0,0
BRDA:114,1634,1,0
BRDA:114,1635,0,0
BRDA:114,1635,1,0
BRDA:114,1636,0,0
BRDA:114,1636,1,0
BRDA:114,1636,2,0
BRDA:114,1637,0,0
BRDA:114,1637,1,0
BRDA:121,1638,0,0
BRDA:121,1638,1,0
BRDA:121,1639,0,0
BRDA:121,1639,1,0
BRDA:121,1640,0,0
BRDA:121,1640,1,0
BRDA:121,1641,0,0
BRDA:121,1641,1,0
BRDA:121,1641,2,0
BRDA:121,1641,3,0
BRDA:121,1641,4,0
BRDA:121,1641,5,0
BRDA:121,1641,6,0
BRDA:121,1642,0,0
BRDA:121,1642,1,0
BRDA:121,1643,0,1
BRDA:121,1644,0,1
BRDA:121,1644,1,0
BRDA:121,1645,0,1
BRDA:121,1645,1,0
BRDA:121,1646,0,0
BRDA:121,1646,1,0
BRDA:121,1647,0,1
BRDA:121,1647,1,0
BRDA:121,1648,0,37
BRDA:121,1648,1,37
BRDA:121,1649,0,0
BRDA:121,1650,0,0
BRDA:121,1650,1,0
BRDA:121,1651,0,0
BRDA:121,1651,1,0
BRDA:121,1652,0,0
BRDA:121,1652,1,0
BRDA:121,1653,0,0
BRDA:121,1653,1,0
BRDA:121,1654,0,0
BRDA:121,1654,1,0
BRDA:121,1655,0,0
BRDA:121,1655,1,0
BRDA:121,1655,2,0
BRDA:121,1656,0,1
BRDA:121,1656,1,0
BRDA:121,1657,0,1
BRDA:121,1657,1,1
BRDA:121,1658,0,0
BRDA:121,1658,1,0
BRDA:121,1659,0,0
BRDA:121,1659,1,0
BRDA:121,1660,0,0
BRDA:121,1660,1,0
BRDA:121,1661,0,0
BRDA:121,1661,1,0
BRDA:121,1662,0,0
BRDA:121,1662,1,1
BRDA:121,1663,0,0
BRDA:121,1663,1,0
BRDA:121,1664,0,0
BRDA:121,1664,1,0
BRDA:121,1665,0,0
BRDA:121,1665,1,0
BRDA:121,1666,0,0
BRDA:121,1666,1,0
BRDA:121,1667,0,0
BRDA:121,1667,1,0
BRDA:121,1668,0,0
BRDA:121,1668,1,0
BRDA:121,1669,0,0
BRDA:121,1669,1,0
BRDA:121,1670,0,0
BRDA:121,1670,1,0
BRDA:121,1670,2,0
BRDA:121,1670,3,0
BRDA:121,1670,4,0
BRDA:121,1670,5,0
BRDA:121,1670,6,0
BRDA:121,1670,7,0
BRDA:121,1670,8,0
BRDA:121,1670,9,0
BRDA:121,1670,10,0
BRDA:121,1670,11,0
BRDA:121,1670,12,0
BRDA:121,1671,0,0
BRDA:121,1671,1,0
BRDA:121,1672,0,0
BRDA:121,1672,1,1
BRDA:121,1673,0,0
BRDA:121,1673,1,1
BRDA:121,1674,0,0
BRDA:121,1674,1,0
BRDA:121,1675,0,0
BRDA:121,1675,1,0
BRDA:121,1676,0,0
BRDA:121,1676,1,0
BRDA:121,1677,0,1
BRDA:121,1677,1,1
BRDA:121,1678,0,0
BRDA:121,1678,1,1
BRDA:121,1679,0,0
BRDA:121,1679,1,1
BRDA:121,1680,0,1
BRDA:121,1680,1,1
BRDA:121,1681,0,1
BRDA:121,1681,1,0
BRDA:121,1682,0,1
BRDA:121,1682,1,1
BRDA:121,1683,0,1
BRDA:121,1683,1,0
BRDA:121,1684,0,0
BRDA:121,1684,1,0
BRDA:121,1685,0,0
BRDA:121,1685,1,0
BRDA:121,1686,0,0
BRDA:121,1686,1,0
BRDA:121,1687,0,0
BRDA:121,1687,1,0
BRDA:121,1688,0,1
BRDA:121,1688,1,0
BRDA:121,1689,0,1
BRDA:121,1689,1,1
BRDA:121,1690,0,0
BRDA:121,1690,1,0
BRDA:121,1691,0,0
BRDA:121,1691,1,0
BRDA:121,1692,0,0
BRDA:121,1692,1,0
BRDA:121,1693,0,0
BRDA:121,1693,1,0
BRDA:121,1694,0,0
BRDA:121,1694,1,0
BRDA:121,1695,0,0
BRDA:121,1695,1,0
BRDA:121,1696,0,0
BRDA:121,1696,1,0
BRDA:121,1697,0,0
BRDA:121,1697,1,0
BRDA:121,1698,0,0
BRDA:121,1698,1,0
BRDA:121,1699,0,1
BRDA:121,1699,1,0
BRDA:121,1699,2,0
BRDA:121,1700,0,1
BRDA:121,1700,1,1
BRDA:121,1701,0,0
BRDA:121,1701,1,0
BRDA:121,1702,0,0
BRDA:121,1702,1,0
BRDA:122,1703,0,7
BRDA:122,1703,1,0
BRDA:122,1704,0,0
BRDA:122,1704,1,7
BRDA:122,1705,0,7
BRDA:122,1705,1,7
BRDA:122,1706,0,0
BRDA:122,1706,1,7
BRDA:122,1707,0,0
BRDA:122,1707,1,0
BRDA:122,1708,0,0
BRDA:122,1708,1,7
BRDA:122,1709,0,7
BRDA:122,1709,1,7
BRDA:123,1710,0,7
BRDA:123,1710,1,0
BRDA:123,1711,0,7
BRDA:123,1711,1,7
BRDA:123,1712,0,0
BRDA:123,1712,1,7
BRDA:124,1713,0,0
BRDA:124,1713,1,7
BRDA:125,1714,0,0
BRDA:125,1714,1,0
BRDA:125,1715,0,0
BRDA:125,1715,1,0
BRDA:125,1716,0,0
BRDA:125,1716,1,0
BRDA:125,1717,0,0
BRDA:125,1717,1,0
BRDA:125,1718,0,0
BRDA:125,1718,1,0
BRDA:125,1719,0,0
BRDA:125,1719,1,0
BRDA:126,1720,0,0
BRDA:126,1720,1,0
BRDA:126,1721,0,0
BRDA:126,1721,1,0
BRDA:126,1722,0,0
BRDA:126,1722,1,0
BRDA:126,1723,0,0
BRDA:126,1723,1,0
BRDA:126,1724,0,0
BRDA:126,1724,1,0
BRDA:126,1725,0,0
BRDA:126,1725,1,0
BRDA:126,1726,0,0
BRDA:126,1726,1,0
BRDA:126,1727,0,0
BRDA:126,1727,1,0
BRDA:126,1728,0,0
BRDA:126,1728,1,0
BRDA:126,1729,0,0
BRDA:126,1729,1,0
BRDA:126,1730,0,0
BRDA:126,1730,1,0
BRDA:126,1731,0,0
BRDA:126,1731,1,0
BRDA:126,1732,0,0
BRDA:126,1732,1,0
BRDA:126,1733,0,0
BRDA:126,1733,1,0
BRDA:126,1734,0,0
BRDA:126,1734,1,0
BRDA:126,1735,0,0
BRDA:126,1735,1,0
BRDA:126,1736,0,0
BRDA:126,1736,1,0
BRDA:126,1737,0,0
BRDA:126,1737,1,0
BRDA:126,1738,0,0
BRDA:126,1738,1,0
BRDA:126,1739,0,0
BRDA:126,1739,1,0
BRDA:126,1740,0,0
BRDA:126,1740,1,0
BRDA:126,1741,0,0
BRDA:126,1741,1,0
BRDA:126,1742,0,0
BRDA:126,1742,1,0
BRDA:126,1743,0,0
BRDA:126,1743,1,0
BRDA:126,1744,0,0
BRDA:126,1744,1,0
BRDA:126,1745,0,0
BRDA:126,1745,1,0
BRDA:126,1746,0,0
BRDA:126,1746,1,7
BRDA:126,1747,0,0
BRDA:126,1747,1,7
BRDA:126,1748,0,7
BRDA:126,1748,1,0
BRDA:126,1749,0,0
BRDA:126,1749,1,0
BRDA:126,1750,0,0
BRDA:126,1750,1,0
BRDA:126,1751,0,0
BRDA:126,1751,1,0
BRDA:126,1752,0,0
BRDA:126,1752,1,0
BRDA:126,1753,0,0
BRDA:126,1753,1,0
BRDA:126,1754,0,0
BRDA:126,1754,1,0
BRDA:126,1755,0,0
BRDA:126,1755,1,0
BRDA:126,1756,0,0
BRDA:126,1756,1,0
BRDA:126,1757,0,0
BRDA:126,1757,1,0
BRDA:126,1757,2,0
BRDA:126,1757,3,0
BRDA:130,1758,0,0
BRDA:130,1758,1,0
BRDA:130,1759,0,0
BRDA:130,1759,1,0
BRDA:130,1760,0,0
BRDA:130,1760,1,0
BRDA:130,1761,0,0
BRDA:130,1761,1,0
BRDA:130,1762,0,0
BRDA:130,1762,1,0
BRDA:130,1763,0,0
BRDA:130,1763,1,0
BRDA:130,1764,0,0
BRDA:130,1764,1,0
BRDA:130,1765,0,0
BRDA:130,1765,1,0
BRDA:130,1766,0,2
BRDA:130,1766,1,2
BRDA:130,1767,0,7
BRDA:130,1767,1,7
BRDA:130,1768,0,7
BRDA:130,1768,1,7
BRDA:130,1769,0,7
BRDA:130,1769,1,0
BRDA:130,1770,0,7
BRDA:130,1770,1,0
BRDA:130,1771,0,7
BRDA:130,1771,1,7
BRDA:130,1772,0,0
BRDA:130,1772,1,7
BRDA:130,1773,0,0
BRDA:130,1773,1,0
BRDA:130,1774,0,0
BRDA:130,1774,1,0
BRDA:130,1775,0,0
BRDA:130,1775,1,0
BRDA:130,1776,0,0
BRDA:130,1776,1,0
BRDA:130,1777,0,7
BRDA:130,1777,1,7
BRDA:130,1777,2,0
BRDA:130,1778,0,7
BRDA:130,1778,1,0
BRDA:130,1779,0,7
BRDA:130,1779,1,7
BRDA:130,1780,0,7
BRDA:130,1780,1,0
BRDA:130,1781,0,7
BRDA:130,1781,1,0
BRDA:130,1782,0,7
BRDA:130,1782,1,7
BRDA:130,1783,0,0
BRDA:130,1783,1,7
BRDA:130,1784,0,0
BRDA:130,1784,1,7
BRDA:130,1785,0,0
BRDA:130,1785,1,7
BRDA:130,1786,0,0
BRDA:130,1786,1,7
BRDA:130,1787,0,7
BRDA:130,1787,1,7
BRDA:130,1788,0,7
BRDA:130,1788,1,7
BRDA:130,1789,0,7
BRDA:130,1789,1,0
BRDA:130,1790,0,7
BRDA:130,1790,1,0
BRDA:130,1791,0,0
BRDA:130,1791,1,0
BRDA:130,1792,0,0
BRDA:130,1792,1,0
BRDA:130,1793,0,7
BRDA:130,1793,1,0
BRDA:130,1794,0,7
BRDA:130,1794,1,7
BRDA:130,1795,0,7
BRDA:130,1795,1,7
BRDA:130,1796,0,0
BRDA:130,1796,1,0
BRDA:130,1797,0,0
BRDA:130,1797,1,0
BRDA:130,1798,0,0
BRDA:130,1798,1,0
BRDA:130,1799,0,0
BRDA:130,1799,1,0
BRDA:130,1800,0,0
BRDA:130,1800,1,0
BRDA:130,1801,0,0
BRDA:130,1801,1,0
BRDA:130,1802,0,0
BRDA:130,1802,1,0
BRDA:130,1803,0,0
BRDA:130,1803,1,0
BRDA:130,1804,0,0
BRDA:130,1804,1,0
BRDA:130,1805,0,0
BRDA:130,1805,1,0
BRDA:130,1806,0,0
BRDA:130,1806,1,0
BRDA:130,1807,0,0
BRDA:130,1807,1,0
BRDA:130,1808,0,0
BRDA:130,1808,1,0
BRDA:130,1809,0,0
BRDA:130,1809,1,0
BRDA:130,1810,0,0
BRDA:130,1810,1,0
BRDA:130,1811,0,0
BRDA:130,1811,1,0
BRDA:130,1812,0,0
BRDA:130,1812,1,0
BRDA:130,1813,0,0
BRDA:130,1813,1,0
BRDA:130,1814,0,0
BRDA:130,1814,1,0
BRDA:130,1815,0,0
BRDA:130,1815,1,0
BRDA:130,1816,0,0
BRDA:130,1816,1,0
BRDA:130,1817,0,0
BRDA:130,1817,1,0
BRDA:130,1818,0,1
BRDA:130,1818,1,1
BRDA:130,1819,0,1
BRDA:130,1819,1,0
BRDA:130,1820,0,0
BRDA:130,1820,1,1
BRDA:130,1821,0,1
BRDA:130,1821,1,1
BRDA:130,1822,0,1
BRDA:130,1822,1,0
BRDA:130,1822,2,0
BRDA:130,1823,0,0
BRDA:130,1823,1,0
BRDA:130,1824,0,0
BRDA:130,1824,1,1
BRDA:130,1825,0,1
BRDA:130,1825,1,0
BRDA:131,1826,0,1
BRDA:131,1826,1,0
BRDA:131,1827,0,0
BRDA:131,1827,1,0
BRDA:131,1828,0,0
BRDA:131,1828,1,0
BRDA:131,1829,0,0
BRDA:131,1829,1,0
BRDA:131,1830,0,0
BRDA:131,1830,1,0
BRDA:131,1831,0,0
BRDA:131,1831,1,0
BRDA:131,1832,0,2
BRDA:131,1832,1,0
BRF:3886
BRH:583
end_of_record
TN:
SF:src\server.ts
FN:17,(anonymous_1)
FN:23,(anonymous_2)
FNF:2
FNH:1
FNDA:0,(anonymous_1)
FNDA:1,(anonymous_2)
DA:1,2
DA:2,2
DA:3,2
DA:4,2
DA:6,2
DA:7,2
DA:10,2
DA:11,2
DA:14,2
DA:17,2
DA:18,0
DA:19,0
DA:23,2
DA:24,1
DA:27,2
LF:15
LH:13
BRF:0
BRH:0
end_of_record
TN:
SF:src\controllers\customerController.ts
FN:11,(anonymous_0)
FN:26,(anonymous_1)
FN:48,(anonymous_2)
FN:88,(anonymous_3)
FN:118,(anonymous_4)
FNF:5
FNH:0
FNDA:0,(anonymous_0)
FNDA:0,(anonymous_1)
FNDA:0,(anonymous_2)
FNDA:0,(anonymous_3)
FNDA:0,(anonymous_4)
DA:2,2
DA:3,2
DA:4,2
DA:6,2
DA:10,2
DA:12,0
DA:13,0
DA:16,0
DA:18,0
DA:19,0
DA:27,0
DA:28,0
DA:30,0
DA:34,0
DA:35,0
DA:36,0
DA:39,0
DA:41,0
DA:42,0
DA:51,0
DA:52,0
DA:54,0
DA:55,0
DA:57,0
DA:58,0
DA:61,0
DA:63,0
DA:74,0
DA:79,0
DA:80,0
DA:89,0
DA:90,0
DA:91,0
DA:93,0
DA:94,0
DA:96,0
DA:108,0
DA:110,0
DA:111,0
DA:119,0
DA:120,0
DA:121,0
DA:123,0
DA:132,0
DA:133,0
DA:134,0
DA:137,0
DA:139,0
DA:140,0
DA:147,2
LF:50
LH:6
BRDA:34,0,0,0
BRDA:57,1,0,0
BRDA:57,2,0,0
BRDA:57,2,1,0
BRDA:67,3,0,0
BRDA:67,3,1,0
BRDA:68,4,0,0
BRDA:68,4,1,0
BRDA:101,5,0,0
BRDA:101,5,1,0
BRDA:102,6,0,0
BRDA:102,6,1,0
BRDA:132,7,0,0
BRF:13
BRH:0
end_of_record
TN:
SF:src\controllers\loginController.ts
FN:16,(anonymous_1)
FN:55,(anonymous_2)
FNF:2
FNH:1
FNDA:1,(anonymous_1)
FNDA:0,(anonymous_2)
DA:2,2
DA:3,2
DA:4,2
DA:5,2
DA:6,2
DA:8,2
DA:10,2
DA:14,2
DA:16,2
DA:19,1
DA:20,1
DA:21,1
DA:23,1
DA:24,0
DA:25,0
DA:27,1
DA:29,1
DA:30,1
DA:31,1
DA:34,0
DA:35,0
DA:36,0
DA:37,0
DA:40,0
DA:42,0
DA:43,0
DA:45,0
DA:47,0
DA:50,0
DA:51,0
DA:55,2
DA:57,0
DA:58,0
DA:59,0
DA:60,0
DA:64,0
DA:65,0
DA:66,0
DA:69,0
DA:70,0
DA:79,0
DA:81,0
DA:82,0
DA:86,2
LF:44
LH:19
BRDA:14,0,0,2
BRDA:14,0,1,2
BRDA:23,1,0,0
BRDA:23,2,0,1
BRDA:23,2,1,1
BRDA:29,3,0,1
BRDA:35,4,0,0
BRDA:43,5,0,0
BRDA:43,5,1,0
BRDA:43,6,0,0
BRDA:43,6,1,0
BRDA:64,7,0,0
BRF:12
BRH:5
end_of_record
TN:
SF:src\controllers\orderController.ts
FN:6,(anonymous_0)
FN:16,(anonymous_1)
FN:27,(anonymous_2)
FN:56,(anonymous_3)
FN:65,(anonymous_4)
FN:70,(anonymous_5)
FN:85,(anonymous_6)
FN:99,(anonymous_7)
FN:114,(anonymous_8)
FN:125,(anonymous_9)
FN:137,(anonymous_10)
FNF:11
FNH:0
FNDA:0,(anonymous_0)
FNDA:0,(anonymous_1)
FNDA:0,(anonymous_2)
FNDA:0,(anonymous_3)
FNDA:0,(anonymous_4)
FNDA:0,(anonymous_5)
FNDA:0,(anonymous_6)
FNDA:0,(anonymous_7)
FNDA:0,(anonymous_8)
FNDA:0,(anonymous_9)
FNDA:0,(anonymous_10)
DA:2,2
DA:4,2
DA:6,2
DA:7,0
DA:9,0
DA:10,0
DA:11,0
DA:14,0
DA:15,0
DA:17,0
DA:21,0
DA:27,0
DA:37,0
DA:38,0
DA:39,0
DA:40,0
DA:41,0
DA:43,0
DA:49,0
DA:51,0
DA:52,0
DA:56,2
DA:57,0
DA:58,0
DA:65,0
DA:70,0
DA:78,0
DA:80,0
DA:81,0
DA:85,2
DA:86,0
DA:88,0
DA:89,0
DA:94,0
DA:95,0
DA:96,0
DA:99,0
DA:107,0
DA:109,0
DA:110,0
DA:114,2
DA:115,0
DA:116,0
DA:118,0
DA:119,0
DA:120,0
DA:123,0
DA:124,0
DA:126,0
DA:130,0
DA:137,0
DA:147,0
DA:149,0
DA:150,0
DA:154,2
LF:55
LH:7
BRDA:9,0,0,0
BRDA:9,1,0,0
BRDA:9,1,1,0
BRDA:9,1,2,0
BRDA:39,2,0,0
BRDA:40,3,0,0
BRDA:40,4,0,0
BRDA:40,4,1,0
BRDA:45,5,0,0
BRDA:45,5,1,0
BRDA:67,6,0,0
BRDA:67,6,1,0
BRDA:71,7,0,0
BRDA:71,7,1,0
BRDA:94,8,0,0
BRDA:101,9,0,0
BRDA:101,9,1,0
BRDA:118,10,0,0
BRDA:118,11,0,0
BRDA:118,11,1,0
BRDA:118,11,2,0
BRF:21
BRH:0
end_of_record
TN:
SF:src\controllers\productController.ts
FN:14,(anonymous_1)
FN:21,(anonymous_2)
FN:32,(anonymous_3)
FN:63,(anonymous_4)
FN:78,(anonymous_5)
FN:101,(anonymous_6)
FN:153,(anonymous_7)
FN:171,(anonymous_8)
FNF:8
FNH:0
FNDA:0,(anonymous_1)
FNDA:0,(anonymous_2)
FNDA:0,(anonymous_3)
FNDA:0,(anonymous_4)
FNDA:0,(anonymous_5)
FNDA:0,(anonymous_6)
FNDA:0,(anonymous_7)
FNDA:0,(anonymous_8)
DA:2,2
DA:3,2
DA:4,2
DA:5,2
DA:6,2
DA:7,2
DA:9,2
DA:13,2
DA:15,0
DA:16,0
DA:17,0
DA:19,0
DA:22,0
DA:26,2
DA:28,2
DA:34,0
DA:35,0
DA:38,0
DA:39,0
DA:40,0
DA:50,0
DA:52,0
DA:57,0
DA:58,0
DA:64,0
DA:65,0
DA:69,0
DA:71,0
DA:72,0
DA:79,0
DA:80,0
DA:82,0
DA:86,0
DA:87,0
DA:88,0
DA:91,0
DA:93,0
DA:94,0
DA:102,0
DA:103,0
DA:104,0
DA:105,0
DA:106,0
DA:108,0
DA:112,0
DA:113,0
DA:114,0
DA:117,0
DA:119,0
DA:120,0
DA:121,0
DA:122,0
DA:123,0
DA:126,0
DA:129,0
DA:140,0
DA:145,0
DA:146,0
DA:154,0
DA:155,0
DA:157,0
DA:162,0
DA:164,0
DA:165,0
DA:172,0
DA:173,0
DA:175,0
DA:176,0
DA:178,0
DA:183,2
LF:70
LH:11
BRDA:16,0,0,0
BRDA:35,1,0,0
BRDA:35,1,1,0
BRDA:86,2,0,0
BRDA:86,3,0,0
BRDA:86,3,1,0
BRDA:112,4,0,0
BRDA:119,5,0,0
BRDA:120,6,0,0
BRDA:122,7,0,0
BRDA:175,8,0,0
BRDA:175,8,1,0
BRF:12
BRH:0
end_of_record
TN:
SF:src\controllers\userController.ts
FN:16,(anonymous_1)
FNF:1
FNH:0
FNDA:0,(anonymous_1)
DA:1,2
DA:4,2
DA:6,2
DA:8,2
DA:10,2
DA:13,2
DA:16,2
DA:17,0
DA:18,0
DA:26,0
DA:28,0
DA:29,0
DA:33,2
LF:13
LH:8
BRF:0
BRH:0
end_of_record
TN:
SF:src\middlewares\authenticateToken.ts
FN:10,(anonymous_1)
FN:23,(anonymous_2)
FNF:2
FNH:0
FNDA:0,(anonymous_1)
FNDA:0,(anonymous_2)
DA:2,2
DA:3,2
DA:4,2
DA:6,2
DA:8,2
DA:10,2
DA:15,0
DA:16,0
DA:17,0
DA:18,0
DA:20,0
DA:23,2
DA:28,0
DA:29,0
DA:31,0
DA:32,0
DA:33,0
DA:36,0
DA:37,0
DA:38,0
DA:39,0
DA:41,0
LF:22
LH:7
BRDA:8,0,0,2
BRDA:8,0,1,2
BRDA:16,1,0,0
BRDA:29,2,0,0
BRDA:29,2,1,0
BRDA:31,3,0,0
BRF:6
BRH:2
end_of_record
TN:
SF:src\routes\api.ts
FNF:0
FNH:0
DA:1,2
DA:4,2
DA:5,2
DA:6,2
DA:8,2
DA:9,2
DA:11,2
DA:13,2
DA:16,2
DA:17,2
DA:18,2
DA:19,2
DA:20,2
DA:23,2
DA:24,2
DA:25,2
DA:26,2
DA:27,2
DA:28,2
DA:31,2
DA:32,2
DA:33,2
DA:34,2
DA:37,2
DA:38,2
DA:40,2
DA:42,2
LF:27
LH:27
BRF:0
BRH:0
end_of_record
TN:
SF:src\utils\helpers.ts
FN:1,(anonymous_0)
FNF:1
FNH:0
FNDA:0,(anonymous_0)
DA:1,2
DA:2,0
DA:3,0
DA:4,0
DA:8,0
LF:5
LH:1
BRF:0
BRH:0
end_of_record
TN:
SF:src\utils\validationSchema.ts
FNF:0
FNH:0
DA:1,2
DA:3,2
DA:12,2
DA:25,2
DA:35,2
LF:5
LH:5
BRF:0
BRH:0
end_of_record
